TN:
SF:src\config\db.js
FN:3,connectDB
FNF:1
FNH:0
FNDA:0,connectDB
DA:1,0
DA:4,0
DA:5,0
DA:6,0
DA:8,0
DA:9,0
DA:13,0
LF:7
LH:0
BRF:0
BRH:0
end_of_record
TN:
SF:src\controllers\authController.js
FN:7,registerAdmin
FN:68,login
FNF:2
FNH:2
FNDA:132,registerAdmin
FNDA:156,login
DA:1,8
DA:2,8
DA:3,8
DA:8,132
DA:9,132
DA:11,132
DA:12,1
DA:17,131
DA:19,131
DA:20,4
DA:25,127
DA:27,127
DA:28,3
DA:33,124
DA:35,123
DA:36,2
DA:41,121
DA:43,121
DA:51,121
DA:61,1
DA:62,1
DA:69,156
DA:70,156
DA:72,156
DA:73,3
DA:78,153
DA:81,152
DA:82,2
DA:85,150
DA:86,2
DA:91,148
DA:93,148
DA:94,2
DA:98,146
DA:108,146
DA:120,1
DA:121,1
DA:127,8
LF:38
LH:38
BRDA:11,0,0,1
BRDA:11,0,1,131
BRDA:19,1,0,4
BRDA:19,1,1,127
BRDA:19,2,0,131
BRDA:19,2,1,129
BRDA:27,3,0,3
BRDA:27,3,1,124
BRDA:27,4,0,127
BRDA:27,4,1,126
BRDA:27,4,2,124
BRDA:35,5,0,2
BRDA:35,5,1,121
BRDA:72,6,0,3
BRDA:72,6,1,153
BRDA:72,7,0,156
BRDA:72,7,1,155
BRDA:81,8,0,2
BRDA:81,8,1,150
BRDA:85,9,0,2
BRDA:85,9,1,148
BRDA:93,10,0,2
BRDA:93,10,1,146
BRF:23
BRH:23
end_of_record
TN:
SF:src\controllers\clientController.js
FN:4,createClient
FN:70,getClients
FN:129,getClientById
FN:159,updateClient
FN:234,deleteClient
FN:268,toggleClientActive
FNF:6
FNH:6
FNDA:95,createClient
FNDA:13,getClients
FNDA:8,getClientById
FNDA:9,updateClient
FNDA:7,deleteClient
FNDA:8,toggleClientActive
DA:1,8
DA:2,8
DA:5,95
DA:23,95
DA:25,95
DA:26,2
DA:34,93
DA:38,93
DA:58,92
DA:63,1
DA:64,1
DA:71,13
DA:78,13
DA:80,13
DA:82,13
DA:83,2
DA:86,13
DA:87,1
DA:90,13
DA:91,13
DA:93,13
DA:94,2
DA:96,2
DA:105,13
DA:106,13
DA:107,13
DA:109,13
DA:114,12
DA:122,1
DA:123,1
DA:130,8
DA:131,8
DA:135,8
DA:136,5
DA:138,3
DA:144,7
DA:145,4
DA:150,3
DA:152,1
DA:153,1
DA:160,9
DA:161,9
DA:163,9
DA:165,8
DA:166,2
DA:171,6
DA:175,1
DA:196,5
DA:198,5
DA:199,5
DA:200,5
DA:201,5
DA:202,5
DA:203,5
DA:204,5
DA:205,5
DA:206,5
DA:208,5
DA:209,5
DA:213,5
DA:215,5
DA:217,5
DA:218,5
DA:220,5
DA:222,5
DA:227,1
DA:228,1
DA:235,7
DA:236,7
DA:238,7
DA:240,6
DA:241,1
DA:246,5
DA:250,2
DA:255,3
DA:257,3
DA:261,1
DA:262,1
DA:269,8
DA:270,8
DA:272,8
DA:274,7
DA:275,1
DA:280,6
DA:284,1
DA:289,5
DA:291,5
DA:293,5
DA:300,1
DA:301,1
DA:307,8
LF:91
LH:91
BRDA:25,0,0,2
BRDA:25,0,1,93
BRDA:34,1,0,89
BRDA:34,1,1,4
BRDA:34,2,0,93
BRDA:34,2,1,91
BRDA:45,3,0,2
BRDA:45,3,1,91
BRDA:76,4,0,11
BRDA:77,5,0,11
BRDA:82,6,0,2
BRDA:82,6,1,11
BRDA:86,7,0,1
BRDA:86,7,1,12
BRDA:86,8,0,13
BRDA:86,8,1,11
BRDA:90,9,0,1
BRDA:90,9,1,12
BRDA:91,10,0,1
BRDA:91,10,1,12
BRDA:93,11,0,2
BRDA:93,11,1,11
BRDA:135,12,0,5
BRDA:135,12,1,3
BRDA:144,13,0,4
BRDA:144,13,1,3
BRDA:165,14,0,2
BRDA:165,14,1,6
BRDA:171,15,0,1
BRDA:171,15,1,5
BRDA:172,16,0,6
BRDA:172,16,1,2
BRDA:198,17,0,4
BRDA:198,17,1,1
BRDA:199,18,0,0
BRDA:199,18,1,5
BRDA:200,19,0,0
BRDA:200,19,1,5
BRDA:201,20,0,1
BRDA:201,20,1,4
BRDA:202,21,0,0
BRDA:202,21,1,5
BRDA:203,22,0,0
BRDA:203,22,1,5
BRDA:204,23,0,2
BRDA:204,23,1,3
BRDA:205,24,0,0
BRDA:205,24,1,5
BRDA:207,25,0,0
BRDA:207,25,1,5
BRDA:208,26,0,1
BRDA:208,26,1,4
BRDA:210,27,0,0
BRDA:210,27,1,5
BRDA:214,28,0,0
BRDA:214,28,1,5
BRDA:216,29,0,0
BRDA:216,29,1,5
BRDA:217,30,0,0
BRDA:217,30,1,5
BRDA:218,31,0,0
BRDA:218,31,1,5
BRDA:240,32,0,1
BRDA:240,32,1,5
BRDA:246,33,0,2
BRDA:246,33,1,3
BRDA:247,34,0,5
BRDA:247,34,1,3
BRDA:274,35,0,1
BRDA:274,35,1,6
BRDA:280,36,0,1
BRDA:280,36,1,5
BRDA:281,37,0,6
BRDA:281,37,1,2
BRDA:294,38,0,2
BRDA:294,38,1,3
BRF:76
BRH:65
end_of_record
TN:
SF:src\controllers\orderController.js
FN:8,createOrder
FN:40,(anonymous_1)
FN:161,markAsSentToSupplier
FN:205,cancelOrder
FN:242,getOrders
FN:329,getOrderById
FN:359,updateOrder
FN:404,(anonymous_7)
FN:503,getDuplicateOrderTemplate
FN:526,(anonymous_9)
FN:540,getOrderPdf
FNF:11
FNH:11
FNDA:33,createOrder
FNDA:26,(anonymous_1)
FNDA:9,markAsSentToSupplier
FNDA:9,cancelOrder
FNDA:17,getOrders
FNDA:7,getOrderById
FNDA:10,updateOrder
FNDA:3,(anonymous_7)
FNDA:5,getDuplicateOrderTemplate
FNDA:3,(anonymous_9)
FNDA:6,getOrderPdf
DA:1,8
DA:2,8
DA:3,8
DA:4,8
DA:5,8
DA:6,8
DA:9,33
DA:17,33
DA:19,33
DA:20,2
DA:23,31
DA:24,3
DA:27,28
DA:29,28
DA:30,2
DA:33,26
DA:34,26
DA:36,26
DA:37,26
DA:39,26
DA:41,26
DA:43,26
DA:44,0
DA:47,26
DA:49,26
DA:50,2
DA:53,24
DA:54,24
DA:55,24
DA:56,24
DA:57,0
DA:58,0
DA:61,24
DA:66,24
DA:68,24
DA:91,24
DA:97,24
DA:98,1
DA:103,23
DA:105,23
DA:107,23
DA:108,23
DA:110,23
DA:112,23
DA:149,23
DA:154,2
DA:155,2
DA:162,9
DA:163,9
DA:165,9
DA:167,8
DA:168,1
DA:173,7
DA:174,1
DA:179,6
DA:181,6
DA:182,4
DA:183,4
DA:185,2
DA:186,2
DA:189,6
DA:191,6
DA:198,1
DA:199,1
DA:206,9
DA:207,9
DA:209,9
DA:211,8
DA:212,1
DA:217,7
DA:218,2
DA:223,5
DA:224,5
DA:225,5
DA:226,5
DA:228,5
DA:230,5
DA:235,1
DA:236,1
DA:243,17
DA:253,17
DA:255,17
DA:257,17
DA:258,2
DA:261,17
DA:262,1
DA:265,17
DA:266,1
DA:269,17
DA:270,2
DA:273,17
DA:274,1
DA:277,17
DA:278,2
DA:281,17
DA:282,2
DA:284,2
DA:293,2
DA:295,2
DA:296,1
DA:300,17
DA:301,2
DA:304,17
DA:305,17
DA:306,17
DA:308,17
DA:314,16
DA:322,1
DA:323,1
DA:330,7
DA:331,7
DA:333,7
DA:335,6
DA:336,1
DA:341,5
DA:345,2
DA:350,3
DA:352,1
DA:353,1
DA:360,10
DA:361,10
DA:363,10
DA:365,10
DA:367,10
DA:368,1
DA:373,9
DA:377,1
DA:382,8
DA:383,2
DA:388,6
DA:389,2
DA:394,4
DA:395,1
DA:400,3
DA:401,3
DA:403,3
DA:405,3
DA:407,3
DA:408,0
DA:411,3
DA:413,3
DA:414,1
DA:417,2
DA:418,0
DA:423,2
DA:428,2
DA:430,2
DA:453,2
DA:455,2
DA:456,0
DA:461,2
DA:462,2
DA:463,2
DA:465,2
DA:466,2
DA:467,2
DA:468,2
DA:469,2
DA:471,2
DA:474,2
DA:479,2
DA:487,2
DA:489,2
DA:491,2
DA:496,1
DA:497,1
DA:504,5
DA:505,5
DA:507,5
DA:509,4
DA:510,1
DA:515,3
DA:519,1
DA:524,2
DA:526,3
DA:533,1
DA:534,1
DA:541,6
DA:542,6
DA:544,6
DA:545,2
DA:550,4
DA:552,3
DA:553,1
DA:558,2
DA:560,1
DA:561,1
DA:567,8
LF:188
LH:182
BRDA:19,0,0,2
BRDA:19,0,1,31
BRDA:23,1,0,3
BRDA:23,1,1,28
BRDA:23,2,0,31
BRDA:23,2,1,30
BRDA:29,3,0,2
BRDA:29,3,1,26
BRDA:43,4,0,0
BRDA:43,4,1,26
BRDA:43,5,0,26
BRDA:43,5,1,26
BRDA:49,6,0,2
BRDA:49,6,1,24
BRDA:53,7,0,24
BRDA:53,7,1,0
BRDA:57,8,0,0
BRDA:57,8,1,0
BRDA:97,9,0,1
BRDA:97,9,1,23
BRDA:107,10,0,23
BRDA:107,10,1,2
BRDA:119,11,0,23
BRDA:119,11,1,22
BRDA:167,12,0,1
BRDA:167,12,1,7
BRDA:173,13,0,1
BRDA:173,13,1,6
BRDA:181,14,0,4
BRDA:181,14,1,2
BRDA:192,15,0,4
BRDA:192,15,1,2
BRDA:211,16,0,1
BRDA:211,16,1,7
BRDA:217,17,0,2
BRDA:217,17,1,5
BRDA:251,18,0,16
BRDA:252,19,0,16
BRDA:257,20,0,2
BRDA:257,20,1,15
BRDA:261,21,0,1
BRDA:261,21,1,16
BRDA:265,22,0,1
BRDA:265,22,1,16
BRDA:269,23,0,2
BRDA:269,23,1,15
BRDA:273,24,0,1
BRDA:273,24,1,16
BRDA:277,25,0,2
BRDA:277,25,1,15
BRDA:281,26,0,2
BRDA:281,26,1,15
BRDA:295,27,0,1
BRDA:295,27,1,1
BRDA:300,28,0,2
BRDA:300,28,1,15
BRDA:335,29,0,1
BRDA:335,29,1,5
BRDA:341,30,0,2
BRDA:341,30,1,3
BRDA:342,31,0,5
BRDA:342,31,1,3
BRDA:367,32,0,1
BRDA:367,32,1,9
BRDA:373,33,0,1
BRDA:373,33,1,8
BRDA:374,34,0,9
BRDA:374,34,1,1
BRDA:382,35,0,2
BRDA:382,35,1,6
BRDA:388,36,0,2
BRDA:388,36,1,4
BRDA:394,37,0,1
BRDA:394,37,1,3
BRDA:394,38,0,4
BRDA:394,38,1,3
BRDA:407,39,0,0
BRDA:407,39,1,3
BRDA:407,40,0,3
BRDA:407,40,1,3
BRDA:413,41,0,1
BRDA:413,41,1,2
BRDA:417,42,0,0
BRDA:417,42,1,2
BRDA:455,43,0,0
BRDA:455,43,1,2
BRDA:461,44,0,2
BRDA:461,44,1,1
BRDA:469,45,0,2
BRDA:469,45,1,0
BRDA:472,46,0,0
BRDA:472,46,1,2
BRDA:475,47,0,0
BRDA:475,47,1,2
BRDA:487,48,0,0
BRDA:487,48,1,2
BRDA:509,49,0,1
BRDA:509,49,1,3
BRDA:515,50,0,1
BRDA:515,50,1,2
BRDA:516,51,0,3
BRDA:516,51,1,1
BRDA:544,52,0,2
BRDA:544,52,1,4
BRDA:552,53,0,1
BRDA:552,53,1,2
BRF:106
BRH:95
end_of_record
TN:
SF:src\controllers\productController.js
FN:6,normalizeMaterialName
FN:12,normalizeSelectedExtras
FN:16,(anonymous_2)
FN:28,(anonymous_3)
FN:37,normalizeMeasurements
FN:70,buildTechnicalData
FN:80,buildCommercialData
FN:105,validateProductRules
FN:184,ensureClientAccess
FN:205,resolvePlasticBagCommercialData
FN:219,(anonymous_10)
FN:240,applyTapeCalculatedFields
FN:254,createProduct
FN:381,getProducts
FN:428,(anonymous_14)
FN:434,(anonymous_15)
FN:452,(anonymous_16)
FN:490,getProductById
FN:522,updateProduct
FN:666,toggleProductActive
FN:700,deleteProduct
FNF:21
FNH:19
FNDA:11,normalizeMaterialName
FNDA:89,normalizeSelectedExtras
FNDA:4,(anonymous_2)
FNDA:4,(anonymous_3)
FNDA:89,normalizeMeasurements
FNDA:89,buildTechnicalData
FNDA:90,buildCommercialData
FNDA:84,validateProductRules
FNDA:107,ensureClientAccess
FNDA:7,resolvePlasticBagCommercialData
FNDA:5,(anonymous_10)
FNDA:91,applyTapeCalculatedFields
FNDA:101,createProduct
FNDA:10,getProducts
FNDA:0,(anonymous_14)
FNDA:0,(anonymous_15)
FNDA:2,(anonymous_16)
FNDA:6,getProductById
FNDA:5,updateProduct
FNDA:7,toggleProductActive
FNDA:5,deleteProduct
DA:1,8
DA:2,8
DA:3,8
DA:4,8
DA:7,11
DA:13,89
DA:15,1
DA:17,4
DA:19,4
DA:29,4
DA:38,89
DA:71,89
DA:81,90
DA:111,84
DA:112,2
DA:114,2
DA:122,1
DA:125,1
DA:129,0
DA:132,1
DA:136,0
DA:140,83
DA:141,5
DA:145,1
DA:148,4
DA:153,1
DA:156,3
DA:161,1
DA:165,80
DA:170,1
DA:173,79
DA:178,1
DA:181,78
DA:185,107
DA:187,106
DA:188,3
DA:191,103
DA:195,3
DA:198,100
DA:199,1
DA:202,99
DA:206,7
DA:208,7
DA:209,1
DA:212,6
DA:213,1
DA:216,5
DA:218,5
DA:219,5
DA:222,5
DA:223,2
DA:226,3
DA:227,1
DA:233,2
DA:241,91
DA:243,5
DA:249,2
DA:255,101
DA:272,101
DA:274,101
DA:275,2
DA:278,99
DA:279,1
DA:282,98
DA:283,1
DA:286,97
DA:287,1
DA:290,96
DA:291,1
DA:294,95
DA:295,1
DA:298,94
DA:299,93
DA:300,4
DA:303,89
DA:304,89
DA:305,89
DA:307,89
DA:313,89
DA:314,9
DA:315,2
DA:320,7
DA:325,7
DA:326,5
DA:329,2
DA:331,2
DA:335,2
DA:339,82
DA:346,82
DA:347,6
DA:350,76
DA:369,76
DA:374,1
DA:375,1
DA:382,10
DA:395,10
DA:397,10
DA:399,10
DA:400,10
DA:402,10
DA:403,10
DA:404,10
DA:405,10
DA:407,10
DA:408,1
DA:411,10
DA:412,1
DA:416,10
DA:417,1
DA:421,10
DA:422,1
DA:424,1
DA:428,1
DA:430,1
DA:434,1
DA:436,1
DA:447,10
DA:448,2
DA:452,2
DA:453,2
DA:455,2
DA:456,2
DA:460,10
DA:461,10
DA:462,10
DA:464,10
DA:475,9
DA:483,1
DA:484,1
DA:491,6
DA:492,6
DA:494,6
DA:498,5
DA:499,2
DA:504,3
DA:508,1
DA:513,2
DA:515,1
DA:516,1
DA:523,5
DA:524,5
DA:526,5
DA:528,4
DA:529,1
DA:534,3
DA:538,3
DA:539,1
DA:558,2
DA:560,2
DA:562,2
DA:564,2
DA:565,2
DA:567,2
DA:569,2
DA:570,2
DA:571,0
DA:575,2
DA:580,2
DA:585,2
DA:589,2
DA:595,2
DA:596,0
DA:597,0
DA:602,0
DA:607,0
DA:608,0
DA:611,0
DA:614,2
DA:621,2
DA:622,0
DA:625,2
DA:626,2
DA:627,2
DA:630,2
DA:632,2
DA:633,2
DA:635,2
DA:636,2
DA:640,2
DA:641,2
DA:642,2
DA:643,2
DA:644,2
DA:645,2
DA:646,2
DA:648,2
DA:650,2
DA:654,2
DA:659,1
DA:660,1
DA:667,7
DA:668,7
DA:670,7
DA:672,6
DA:673,1
DA:678,5
DA:679,5
DA:680,1
DA:683,4
DA:684,4
DA:686,4
DA:693,1
DA:694,1
DA:701,5
DA:702,5
DA:704,5
DA:706,4
DA:707,1
DA:712,3
DA:713,3
DA:714,1
DA:717,2
DA:719,2
DA:723,1
DA:724,1
DA:730,8
LF:216
LH:206
BRDA:7,0,0,11
BRDA:7,0,1,0
BRDA:13,1,0,88
BRDA:13,1,1,1
BRDA:20,2,0,3
BRDA:20,2,1,1
BRDA:23,3,0,4
BRDA:23,3,1,0
BRDA:24,4,0,0
BRDA:24,4,1,4
BRDA:29,5,0,4
BRDA:29,5,1,3
BRDA:29,5,2,2
BRDA:29,5,3,2
BRDA:29,5,4,1
BRDA:37,6,0,0
BRDA:40,7,0,3
BRDA:40,7,1,86
BRDA:44,8,0,3
BRDA:44,8,1,86
BRDA:48,9,0,3
BRDA:48,9,1,86
BRDA:52,10,0,0
BRDA:52,10,1,89
BRDA:56,11,0,0
BRDA:56,11,1,89
BRDA:60,12,0,0
BRDA:60,12,1,89
BRDA:64,13,0,0
BRDA:64,13,1,89
BRDA:70,14,0,0
BRDA:72,15,0,89
BRDA:72,15,1,85
BRDA:74,16,0,4
BRDA:74,16,1,85
BRDA:80,17,0,0
BRDA:83,18,0,74
BRDA:83,18,1,16
BRDA:87,19,0,0
BRDA:87,19,1,90
BRDA:91,20,0,0
BRDA:91,20,1,90
BRDA:95,21,0,2
BRDA:95,21,1,88
BRDA:99,22,0,1
BRDA:99,22,1,89
BRDA:111,23,0,2
BRDA:111,23,1,82
BRDA:112,24,0,2
BRDA:112,24,1,0
BRDA:114,25,0,1
BRDA:114,25,1,1
BRDA:115,26,0,2
BRDA:115,26,1,2
BRDA:115,26,2,1
BRDA:115,26,3,1
BRDA:115,26,4,1
BRDA:115,26,5,1
BRDA:125,27,0,0
BRDA:125,27,1,1
BRDA:126,28,0,1
BRDA:126,28,1,1
BRDA:132,29,0,0
BRDA:132,29,1,1
BRDA:133,30,0,1
BRDA:133,30,1,1
BRDA:140,31,0,5
BRDA:140,31,1,78
BRDA:141,32,0,1
BRDA:141,32,1,4
BRDA:142,33,0,5
BRDA:142,33,1,5
BRDA:148,34,0,1
BRDA:148,34,1,3
BRDA:149,35,0,4
BRDA:149,35,1,3
BRDA:149,35,2,3
BRDA:156,36,0,1
BRDA:156,36,1,2
BRDA:157,37,0,3
BRDA:157,37,1,1
BRDA:157,37,2,1
BRDA:165,38,0,1
BRDA:165,38,1,79
BRDA:166,39,0,80
BRDA:166,39,1,70
BRDA:166,39,2,70
BRDA:173,40,0,1
BRDA:173,40,1,78
BRDA:174,41,0,79
BRDA:174,41,1,1
BRDA:174,41,2,1
BRDA:187,42,0,3
BRDA:187,42,1,103
BRDA:191,43,0,3
BRDA:191,43,1,100
BRDA:192,44,0,103
BRDA:192,44,1,3
BRDA:198,45,0,1
BRDA:198,45,1,99
BRDA:208,46,0,1
BRDA:208,46,1,6
BRDA:212,47,0,1
BRDA:212,47,1,5
BRDA:222,48,0,2
BRDA:222,48,1,3
BRDA:226,49,0,1
BRDA:226,49,1,2
BRDA:226,50,0,3
BRDA:226,50,1,2
BRDA:241,51,0,86
BRDA:241,51,1,5
BRDA:243,52,0,2
BRDA:243,52,1,3
BRDA:244,53,0,5
BRDA:244,53,1,4
BRDA:244,53,2,4
BRDA:244,53,3,2
BRDA:274,54,0,2
BRDA:274,54,1,99
BRDA:278,55,0,1
BRDA:278,55,1,98
BRDA:282,56,0,1
BRDA:282,56,1,97
BRDA:286,57,0,1
BRDA:286,57,1,96
BRDA:290,58,0,1
BRDA:290,58,1,95
BRDA:294,59,0,1
BRDA:294,59,1,94
BRDA:299,60,0,4
BRDA:299,60,1,89
BRDA:303,61,0,89
BRDA:303,61,1,80
BRDA:304,62,0,89
BRDA:304,62,1,8
BRDA:313,63,0,9
BRDA:313,63,1,80
BRDA:314,64,0,2
BRDA:314,64,1,7
BRDA:325,65,0,5
BRDA:325,65,1,2
BRDA:331,66,0,2
BRDA:331,66,1,0
BRDA:332,67,0,2
BRDA:332,67,1,2
BRDA:346,68,0,6
BRDA:346,68,1,76
BRDA:358,69,0,1
BRDA:358,69,1,75
BRDA:393,70,0,8
BRDA:394,71,0,8
BRDA:399,72,0,1
BRDA:399,72,1,9
BRDA:400,73,0,1
BRDA:400,73,1,9
BRDA:402,74,0,1
BRDA:402,74,1,9
BRDA:403,75,0,1
BRDA:403,75,1,9
BRDA:404,76,0,2
BRDA:404,76,1,8
BRDA:405,77,0,1
BRDA:405,77,1,9
BRDA:407,78,0,1
BRDA:407,78,1,9
BRDA:411,79,0,1
BRDA:411,79,1,9
BRDA:416,80,0,1
BRDA:416,80,1,9
BRDA:421,81,0,1
BRDA:421,81,1,9
BRDA:447,82,0,2
BRDA:447,82,1,8
BRDA:455,83,0,2
BRDA:455,83,1,0
BRDA:498,84,0,2
BRDA:498,84,1,3
BRDA:504,85,0,1
BRDA:504,85,1,2
BRDA:505,86,0,3
BRDA:505,86,1,1
BRDA:528,87,0,1
BRDA:528,87,1,3
BRDA:538,88,0,1
BRDA:538,88,1,2
BRDA:560,89,0,0
BRDA:560,89,1,2
BRDA:562,90,0,0
BRDA:562,90,1,2
BRDA:564,91,0,0
BRDA:564,91,1,2
BRDA:565,92,0,0
BRDA:565,92,1,2
BRDA:567,93,0,0
BRDA:567,93,1,2
BRDA:570,94,0,0
BRDA:570,94,1,2
BRDA:575,95,0,0
BRDA:575,95,1,2
BRDA:580,96,0,1
BRDA:580,96,1,1
BRDA:585,97,0,0
BRDA:585,97,1,2
BRDA:595,98,0,0
BRDA:595,98,1,2
BRDA:596,99,0,0
BRDA:596,99,1,0
BRDA:607,100,0,0
BRDA:607,100,1,0
BRDA:621,101,0,0
BRDA:621,101,1,2
BRDA:628,102,0,0
BRDA:628,102,1,2
BRDA:631,103,0,0
BRDA:631,103,1,2
BRDA:632,104,0,2
BRDA:632,104,1,0
BRDA:634,105,0,0
BRDA:634,105,1,2
BRDA:637,106,0,0
BRDA:637,106,1,2
BRDA:637,107,0,2
BRDA:637,107,1,1
BRDA:640,108,0,0
BRDA:640,108,1,2
BRDA:642,109,0,0
BRDA:642,109,1,2
BRDA:643,110,0,1
BRDA:643,110,1,1
BRDA:672,111,0,1
BRDA:672,111,1,5
BRDA:679,112,0,1
BRDA:679,112,1,4
BRDA:687,113,0,2
BRDA:687,113,1,2
BRDA:706,114,0,1
BRDA:706,114,1,3
BRDA:713,115,0,1
BRDA:713,115,1,2
BRF:240
BRH:202
end_of_record
TN:
SF:src\controllers\quotationController.js
FN:11,processItems
FN:108,createQuotation
FN:209,updateQuotation
FN:316,getQuotations
FN:367,getQuotationById
FN:393,getQuotationPdf
FN:419,generateQuotationPdfFromBody
FN:432,getClientProductsForQuotation
FN:461,convertToOrder
FN:494,(anonymous_9)
FNF:10
FNH:10
FNDA:851,processItems
FNDA:856,createQuotation
FNDA:16,updateQuotation
FNDA:113,getQuotations
FNDA:109,getQuotationById
FNDA:7,getQuotationPdf
FNDA:3,generateQuotationPdfFromBody
FNDA:109,getClientProductsForQuotation
FNDA:17,convertToOrder
FNDA:10,(anonymous_9)
DA:1,9
DA:2,9
DA:3,9
DA:4,9
DA:5,9
DA:6,9
DA:7,9
DA:12,851
DA:13,851
DA:14,851
DA:16,851
DA:17,1029
DA:19,1029
DA:21,11
DA:22,1
DA:24,10
DA:25,1
DA:27,9
DA:28,2
DA:31,7
DA:32,7
DA:33,5
DA:34,2
DA:35,1
DA:38,6
DA:39,6
DA:40,6
DA:42,6
DA:58,1018
DA:59,1017
DA:60,1
DA:63,1016
DA:64,840
DA:65,176
DA:66,1
DA:70,1015
DA:71,1015
DA:72,1014
DA:73,1014
DA:75,1
DA:78,1014
DA:80,1014
DA:103,842
DA:109,856
DA:120,856
DA:125,856
DA:126,133
DA:127,133
DA:128,132
DA:135,723
DA:136,720
DA:144,3
DA:148,852
DA:149,3
DA:154,849
DA:155,849
DA:159,9
DA:160,8
DA:162,1
DA:164,840
DA:165,840
DA:167,840
DA:173,840
DA:174,840
DA:175,840
DA:177,840
DA:194,840
DA:195,285
DA:196,285
DA:197,285
DA:200,555
DA:202,1
DA:203,1
DA:210,16
DA:211,16
DA:222,16
DA:225,16
DA:226,15
DA:227,2
DA:231,13
DA:235,2
DA:239,11
DA:240,2
DA:241,2
DA:242,1
DA:243,1
DA:250,9
DA:251,0
DA:252,0
DA:262,10
DA:264,2
DA:265,2
DA:267,0
DA:268,0
DA:270,0
DA:274,2
DA:275,2
DA:277,2
DA:278,2
DA:280,2
DA:281,2
DA:285,2
DA:286,2
DA:287,2
DA:288,2
DA:292,10
DA:293,10
DA:294,10
DA:295,10
DA:296,10
DA:299,10
DA:305,10
DA:307,10
DA:309,1
DA:310,1
DA:317,113
DA:318,113
DA:320,113
DA:323,113
DA:324,102
DA:327,113
DA:328,2
DA:331,113
DA:332,2
DA:334,2
DA:340,113
DA:341,113
DA:342,113
DA:344,113
DA:352,112
DA:360,1
DA:361,1
DA:368,109
DA:369,109
DA:371,109
DA:373,108
DA:374,2
DA:377,106
DA:381,102
DA:384,4
DA:386,1
DA:387,1
DA:394,7
DA:395,7
DA:397,7
DA:399,6
DA:400,1
DA:403,5
DA:407,2
DA:410,3
DA:412,1
DA:413,1
DA:420,3
DA:421,3
DA:423,3
DA:425,1
DA:426,1
DA:433,109
DA:434,109
DA:436,109
DA:438,108
DA:439,2
DA:442,106
DA:444,106
DA:445,86
DA:448,106
DA:452,106
DA:454,1
DA:455,1
DA:462,17
DA:463,17
DA:470,17
DA:473,17
DA:474,16
DA:475,2
DA:479,14
DA:483,2
DA:487,12
DA:488,2
DA:494,10
DA:495,10
DA:496,2
DA:502,8
DA:503,8
DA:504,1
DA:508,7
DA:513,7
DA:514,1
DA:517,6
DA:521,6
DA:522,6
DA:524,6
DA:525,6
DA:526,6
DA:527,1
DA:533,5
DA:534,5
DA:535,4
DA:536,4
DA:538,1
DA:541,4
DA:543,4
DA:565,4
DA:566,4
DA:567,4
DA:570,4
DA:607,4
DA:612,1
DA:613,1
DA:617,9
LF:210
LH:205
BRDA:19,0,0,11
BRDA:19,0,1,1018
BRDA:21,1,0,1
BRDA:21,1,1,10
BRDA:24,2,0,1
BRDA:24,2,1,9
BRDA:27,3,0,2
BRDA:27,3,1,7
BRDA:27,4,0,9
BRDA:27,4,1,7
BRDA:32,5,0,5
BRDA:32,5,1,2
BRDA:34,6,0,1
BRDA:34,6,1,1
BRDA:59,7,0,1
BRDA:59,7,1,1016
BRDA:63,8,0,840
BRDA:63,8,1,176
BRDA:65,9,0,1
BRDA:65,9,1,175
BRDA:114,10,0,17
BRDA:125,11,0,133
BRDA:125,11,1,723
BRDA:127,12,0,1
BRDA:127,12,1,132
BRDA:135,13,0,720
BRDA:135,13,1,3
BRDA:135,14,0,723
BRDA:135,14,1,721
BRDA:148,15,0,3
BRDA:148,15,1,849
BRDA:148,16,0,852
BRDA:148,16,1,851
BRDA:159,17,0,8
BRDA:159,17,1,1
BRDA:165,18,0,0
BRDA:165,18,1,840
BRDA:173,19,0,840
BRDA:173,19,1,610
BRDA:178,20,0,840
BRDA:178,20,1,709
BRDA:188,21,0,840
BRDA:188,21,1,838
BRDA:194,22,0,285
BRDA:194,22,1,555
BRDA:226,23,0,2
BRDA:226,23,1,13
BRDA:231,24,0,2
BRDA:231,24,1,11
BRDA:232,25,0,13
BRDA:232,25,1,7
BRDA:239,26,0,2
BRDA:239,26,1,9
BRDA:241,27,0,1
BRDA:241,27,1,1
BRDA:250,28,0,0
BRDA:250,28,1,9
BRDA:250,29,0,9
BRDA:250,29,1,0
BRDA:262,30,0,2
BRDA:262,30,1,8
BRDA:262,31,0,10
BRDA:262,31,1,2
BRDA:267,32,0,0
BRDA:267,32,1,0
BRDA:275,33,0,0
BRDA:275,33,1,2
BRDA:277,34,0,2
BRDA:277,34,1,0
BRDA:292,35,0,4
BRDA:292,35,1,6
BRDA:293,36,0,4
BRDA:293,36,1,6
BRDA:294,37,0,1
BRDA:294,37,1,9
BRDA:295,38,0,0
BRDA:295,38,1,10
BRDA:296,39,0,2
BRDA:296,39,1,8
BRDA:302,40,0,10
BRDA:302,40,1,5
BRDA:318,41,0,111
BRDA:318,42,0,111
BRDA:323,43,0,102
BRDA:323,43,1,11
BRDA:327,44,0,2
BRDA:327,44,1,111
BRDA:331,45,0,2
BRDA:331,45,1,111
BRDA:373,46,0,2
BRDA:373,46,1,106
BRDA:377,47,0,102
BRDA:377,47,1,4
BRDA:378,48,0,106
BRDA:378,48,1,103
BRDA:399,49,0,1
BRDA:399,49,1,5
BRDA:403,50,0,2
BRDA:403,50,1,3
BRDA:404,51,0,5
BRDA:404,51,1,3
BRDA:438,52,0,2
BRDA:438,52,1,106
BRDA:444,53,0,86
BRDA:444,53,1,20
BRDA:474,54,0,2
BRDA:474,54,1,14
BRDA:479,55,0,2
BRDA:479,55,1,12
BRDA:480,56,0,14
BRDA:480,56,1,9
BRDA:487,57,0,2
BRDA:487,57,1,10
BRDA:495,58,0,2
BRDA:495,58,1,8
BRDA:503,59,0,1
BRDA:503,59,1,7
BRDA:513,60,0,1
BRDA:513,60,1,6
BRDA:526,61,0,1
BRDA:526,61,1,5
BRDA:528,62,0,1
BRDA:528,62,1,0
BRDA:565,63,0,4
BRDA:565,63,1,1
BRDA:575,64,0,4
BRDA:575,64,1,2
BRDA:576,65,0,4
BRDA:576,65,1,2
BRDA:577,66,0,4
BRDA:577,66,1,2
BRDA:578,67,0,4
BRDA:578,67,1,4
BRDA:578,67,2,0
BRDA:579,68,0,4
BRDA:579,68,1,3
BRF:136
BRH:126
end_of_record
TN:
SF:src\controllers\supplierController.js
FN:9,normalizeMaterialName
FN:15,normalizePriceTable
FN:19,(anonymous_2)
FN:38,(anonymous_3)
FN:49,hasDuplicateMaterials
FN:50,(anonymous_5)
FN:56,createSupplier
FN:118,(anonymous_7)
FN:165,getSuppliers
FN:225,getSupplierById
FN:259,updateSupplier
FN:296,(anonymous_11)
FN:389,toggleSupplierActive
FN:419,deleteSupplier
FNF:14
FNH:13
FNDA:84,normalizeMaterialName
FNDA:85,normalizePriceTable
FNDA:84,(anonymous_2)
FNDA:84,(anonymous_3)
FNDA:81,hasDuplicateMaterials
FNDA:84,(anonymous_5)
FNDA:88,createSupplier
FNDA:2,(anonymous_7)
FNDA:10,getSuppliers
FNDA:10,getSupplierById
FNDA:10,updateSupplier
FNDA:0,(anonymous_11)
FNDA:6,toggleSupplierActive
FNDA:4,deleteSupplier
DA:1,8
DA:2,8
DA:7,8
DA:10,84
DA:16,85
DA:18,81
DA:20,84
DA:21,84
DA:24,84
DA:29,84
DA:32,84
DA:39,84
DA:40,84
DA:42,84
DA:45,84
DA:50,84
DA:51,81
DA:53,81
DA:57,88
DA:74,88
DA:76,88
DA:77,1
DA:82,87
DA:83,1
DA:88,86
DA:90,86
DA:91,2
DA:96,84
DA:98,84
DA:102,2
DA:107,82
DA:109,82
DA:113,2
DA:118,2
DA:121,82
DA:123,82
DA:125,81
DA:126,2
DA:131,79
DA:153,79
DA:158,1
DA:159,1
DA:166,10
DA:173,10
DA:175,10
DA:177,10
DA:178,2
DA:181,10
DA:182,1
DA:185,10
DA:186,10
DA:188,10
DA:189,1
DA:191,1
DA:200,10
DA:201,10
DA:202,10
DA:204,10
DA:210,9
DA:218,1
DA:219,1
DA:226,10
DA:227,10
DA:231,10
DA:232,8
DA:237,2
DA:244,9
DA:245,3
DA:250,6
DA:252,1
DA:253,1
DA:260,10
DA:261,10
DA:278,10
DA:280,10
DA:282,9
DA:283,1
DA:288,8
DA:290,8
DA:291,0
DA:296,0
DA:299,8
DA:301,8
DA:302,3
DA:304,3
DA:305,1
DA:310,2
DA:315,2
DA:316,2
DA:322,5
DA:324,5
DA:325,3
DA:327,3
DA:328,1
DA:334,4
DA:336,4
DA:337,1
DA:339,1
DA:340,1
DA:346,3
DA:347,3
DA:349,3
DA:350,3
DA:354,3
DA:355,3
DA:356,3
DA:357,3
DA:359,3
DA:360,3
DA:361,3
DA:362,3
DA:366,3
DA:367,3
DA:368,3
DA:370,3
DA:372,3
DA:377,3
DA:382,1
DA:383,1
DA:390,6
DA:391,6
DA:393,6
DA:395,5
DA:396,1
DA:401,4
DA:403,4
DA:405,4
DA:412,1
DA:413,1
DA:420,4
DA:421,4
DA:423,4
DA:425,3
DA:426,1
DA:431,2
DA:433,2
DA:437,1
DA:438,1
DA:444,8
LF:139
LH:137
BRDA:10,0,0,84
BRDA:10,0,1,0
BRDA:16,1,0,4
BRDA:16,1,1,81
BRDA:24,2,0,84
BRDA:24,2,1,0
BRDA:25,3,0,84
BRDA:25,3,1,84
BRDA:25,3,2,84
BRDA:40,4,0,84
BRDA:40,4,1,84
BRDA:42,5,0,84
BRDA:42,5,1,84
BRDA:42,5,2,84
BRDA:45,6,0,84
BRDA:45,6,1,84
BRDA:45,6,2,84
BRDA:76,7,0,1
BRDA:76,7,1,87
BRDA:82,8,0,1
BRDA:82,8,1,86
BRDA:90,9,0,2
BRDA:90,9,1,84
BRDA:90,10,0,86
BRDA:90,10,1,84
BRDA:98,11,0,2
BRDA:98,11,1,82
BRDA:99,12,0,84
BRDA:99,12,1,80
BRDA:109,13,0,2
BRDA:109,13,1,80
BRDA:110,14,0,82
BRDA:110,14,1,2
BRDA:125,15,0,2
BRDA:125,15,1,79
BRDA:138,16,0,2
BRDA:138,16,1,77
BRDA:144,17,0,0
BRDA:144,17,1,79
BRDA:171,18,0,9
BRDA:172,19,0,9
BRDA:177,20,0,2
BRDA:177,20,1,8
BRDA:181,21,0,1
BRDA:181,21,1,9
BRDA:181,22,0,10
BRDA:181,22,1,8
BRDA:185,23,0,1
BRDA:185,23,1,9
BRDA:186,24,0,1
BRDA:186,24,1,9
BRDA:188,25,0,1
BRDA:188,25,1,9
BRDA:231,26,0,8
BRDA:231,26,1,2
BRDA:244,27,0,3
BRDA:244,27,1,6
BRDA:282,28,0,1
BRDA:282,28,1,8
BRDA:290,29,0,0
BRDA:290,29,1,8
BRDA:301,30,0,3
BRDA:301,30,1,5
BRDA:304,31,0,1
BRDA:304,31,1,2
BRDA:315,32,0,2
BRDA:315,32,1,0
BRDA:324,33,0,3
BRDA:324,33,1,2
BRDA:327,34,0,1
BRDA:327,34,1,2
BRDA:327,35,0,3
BRDA:327,35,1,2
BRDA:336,36,0,1
BRDA:336,36,1,3
BRDA:339,37,0,1
BRDA:339,37,1,0
BRDA:346,38,0,3
BRDA:346,38,1,0
BRDA:348,39,0,0
BRDA:348,39,1,3
BRDA:351,40,0,0
BRDA:351,40,1,3
BRDA:354,41,0,0
BRDA:354,41,1,3
BRDA:355,42,0,0
BRDA:355,42,1,3
BRDA:356,43,0,1
BRDA:356,43,1,2
BRDA:358,44,0,0
BRDA:358,44,1,3
BRDA:359,45,0,0
BRDA:359,45,1,3
BRDA:360,46,0,0
BRDA:360,46,1,3
BRDA:361,47,0,0
BRDA:361,47,1,3
BRDA:363,48,0,0
BRDA:363,48,1,3
BRDA:395,49,0,1
BRDA:395,49,1,4
BRDA:406,50,0,2
BRDA:406,50,1,2
BRDA:425,51,0,1
BRDA:425,51,1,2
BRF:105
BRH:89
end_of_record
TN:
SF:src\controllers\userController.js
FN:5,createRepresentative
FN:51,getRepresentatives
FN:75,getRepresentativeById
FN:99,updateRepresentative
FN:160,deleteRepresentative
FN:199,toggleRepresentativeActive
FNF:6
FNH:6
FNDA:36,createRepresentative
FNDA:6,getRepresentatives
FNDA:3,getRepresentativeById
FNDA:7,updateRepresentative
FNDA:6,deleteRepresentative
FNDA:8,toggleRepresentativeActive
DA:1,8
DA:2,8
DA:3,8
DA:6,36
DA:7,36
DA:9,36
DA:10,1
DA:15,35
DA:17,34
DA:18,2
DA:23,32
DA:25,32
DA:33,32
DA:44,1
DA:45,1
DA:52,6
DA:53,6
DA:55,6
DA:59,6
DA:60,6
DA:62,6
DA:66,5
DA:68,1
DA:69,1
DA:76,3
DA:77,3
DA:79,3
DA:84,2
DA:85,1
DA:90,1
DA:92,1
DA:93,1
DA:100,7
DA:101,7
DA:102,7
DA:104,7
DA:109,6
DA:110,1
DA:115,5
DA:116,3
DA:118,3
DA:123,3
DA:124,2
DA:129,1
DA:132,3
DA:133,2
DA:136,3
DA:137,1
DA:140,3
DA:142,3
DA:153,1
DA:154,1
DA:161,6
DA:162,6
DA:164,6
DA:169,5
DA:170,2
DA:175,3
DA:179,3
DA:180,1
DA:186,2
DA:188,2
DA:192,1
DA:193,1
DA:200,8
DA:201,8
DA:203,8
DA:208,7
DA:209,1
DA:214,6
DA:216,6
DA:218,6
DA:231,1
DA:232,1
DA:238,8
LF:75
LH:75
BRDA:9,0,0,1
BRDA:9,0,1,35
BRDA:9,1,0,36
BRDA:9,1,1,36
BRDA:9,1,2,35
BRDA:17,2,0,2
BRDA:17,2,1,32
BRDA:59,3,0,2
BRDA:59,3,1,4
BRDA:60,4,0,1
BRDA:60,4,1,5
BRDA:84,5,0,1
BRDA:84,5,1,1
BRDA:109,6,0,1
BRDA:109,6,1,5
BRDA:115,7,0,3
BRDA:115,7,1,2
BRDA:123,8,0,2
BRDA:123,8,1,1
BRDA:132,9,0,2
BRDA:132,9,1,1
BRDA:136,10,0,1
BRDA:136,10,1,2
BRDA:136,11,0,3
BRDA:136,11,1,2
BRDA:169,12,0,2
BRDA:169,12,1,3
BRDA:179,13,0,1
BRDA:179,13,1,2
BRDA:208,14,0,1
BRDA:208,14,1,6
BRDA:219,15,0,2
BRDA:219,15,1,4
BRF:33
BRH:33
end_of_record
TN:
SF:src\middlewares\authMiddleware.js
FN:4,authMiddleware
FNF:1
FNH:1
FNDA:453,authMiddleware
DA:1,8
DA:2,8
DA:5,453
DA:6,453
DA:8,453
DA:9,11
DA:12,442
DA:14,442
DA:15,1
DA:18,441
DA:20,441
DA:21,1
DA:24,440
DA:26,439
DA:30,439
DA:31,1
DA:36,438
DA:37,1
DA:42,437
DA:50,437
DA:52,1
DA:59,8
LF:22
LH:22
BRDA:8,0,0,11
BRDA:8,0,1,442
BRDA:14,1,0,1
BRDA:14,1,1,441
BRDA:20,2,0,1
BRDA:20,2,1,440
BRDA:30,3,0,1
BRDA:30,3,1,438
BRDA:36,4,0,1
BRDA:36,4,1,437
BRF:10
BRH:10
end_of_record
TN:
SF:src\middlewares\isAdmin.js
FN:1,isAdmin
FNF:1
FNH:1
FNDA:233,isAdmin
DA:2,233
DA:3,1
DA:6,232
DA:7,5
DA:12,227
DA:15,8
LF:6
LH:6
BRDA:2,0,0,1
BRDA:2,0,1,232
BRDA:6,1,0,5
BRDA:6,1,1,227
BRF:4
BRH:4
end_of_record
TN:
SF:src\models\client.js
FNF:0
FNH:0
DA:1,13
DA:3,13
DA:82,13
LF:3
LH:3
BRF:0
BRH:0
end_of_record
TN:
SF:src\models\order.js
FNF:0
FNH:0
DA:1,10
DA:3,10
DA:45,10
DA:175,10
DA:177,10
LF:5
LH:5
BRF:0
BRH:0
end_of_record
TN:
SF:src\models\product.js
FNF:0
FNH:0
DA:1,11
DA:3,11
DA:41,11
DA:167,11
LF:4
LH:4
BRF:0
BRH:0
end_of_record
TN:
SF:src\models\quotation.js
FNF:0
FNH:0
DA:1,9
DA:3,9
DA:48,9
DA:171,9
DA:172,9
DA:174,9
LF:6
LH:6
BRF:0
BRH:0
end_of_record
TN:
SF:src\models\supplier.js
FNF:0
FNH:0
DA:1,12
DA:3,12
DA:23,12
DA:101,12
LF:4
LH:4
BRF:0
BRH:0
end_of_record
TN:
SF:src\models\user.js
FNF:0
FNH:0
DA:1,11
DA:3,11
DA:37,11
LF:3
LH:3
BRF:0
BRH:0
end_of_record
TN:
SF:src\routes\authRoutes.js
FNF:0
FNH:0
DA:1,7
DA:2,7
DA:4,7
DA:6,7
DA:7,7
DA:9,7
LF:6
LH:6
BRF:0
BRH:0
end_of_record
TN:
SF:src\routes\clientRoutes.js
FNF:0
FNH:0
DA:1,7
DA:2,7
DA:3,7
DA:11,7
DA:13,7
DA:15,7
DA:17,7
DA:19,7
DA:21,7
DA:23,7
DA:25,7
DA:27,7
LF:12
LH:12
BRF:0
BRH:0
end_of_record
TN:
SF:src\routes\orderRoutes.js
FNF:0
FNH:0
DA:1,7
DA:2,7
DA:3,7
DA:13,7
DA:15,7
DA:17,7
DA:19,7
DA:26,7
DA:28,7
DA:30,7
DA:32,7
DA:34,7
DA:40,7
DA:42,7
LF:14
LH:14
BRF:0
BRH:0
end_of_record
TN:
SF:src\routes\productRoutes.js
FNF:0
FNH:0
DA:1,7
DA:2,7
DA:10,7
DA:12,7
DA:14,7
DA:15,7
DA:17,7
DA:18,7
DA:19,7
DA:20,7
DA:22,7
LF:11
LH:11
BRF:0
BRH:0
end_of_record
TN:
SF:src\routes\quotationRoutes.js
FNF:0
FNH:0
DA:1,7
DA:2,7
DA:12,7
DA:14,7
DA:16,7
DA:18,7
DA:20,7
DA:23,7
DA:25,7
DA:27,7
DA:29,7
DA:31,7
DA:33,7
LF:13
LH:13
BRF:0
BRH:0
end_of_record
TN:
SF:src\routes\supplierRoutes.js
FNF:0
FNH:0
DA:1,7
DA:2,7
DA:3,7
DA:11,7
DA:13,7
DA:15,7
DA:16,7
DA:17,7
DA:18,7
DA:19,7
DA:20,7
DA:27,7
LF:12
LH:12
BRF:0
BRH:0
end_of_record
TN:
SF:src\routes\userRoutes.js
FN:15,(anonymous_0)
FNF:1
FNH:1
FNDA:1,(anonymous_0)
DA:1,7
DA:2,7
DA:3,7
DA:11,7
DA:13,7
DA:15,7
DA:16,1
DA:22,7
DA:24,7
DA:31,7
DA:38,7
DA:45,7
DA:52,7
DA:59,7
LF:14
LH:14
BRF:0
BRH:0
end_of_record
TN:
SF:src\utils\numberParsers.js
FN:1,onlyNumbers
FN:5,parsePercentage
FN:18,parseBrazilianNumber
FNF:3
FNH:3
FNDA:704,onlyNumbers
FNDA:100,parsePercentage
FNDA:280,parseBrazilianNumber
DA:2,704
DA:6,100
DA:7,97
DA:9,11
DA:10,11
DA:11,11
DA:12,11
DA:14,11
DA:15,11
DA:19,280
DA:20,277
DA:22,16
DA:24,16
DA:25,16
DA:27,16
DA:28,16
DA:30,16
DA:31,4
DA:32,3
DA:33,3
DA:35,1
DA:37,12
DA:38,6
DA:39,6
DA:40,2
DA:41,2
DA:42,1
DA:46,16
DA:47,16
DA:50,11
LF:30
LH:30
BRDA:2,0,0,188
BRDA:2,0,1,516
BRDA:6,1,0,3
BRDA:6,1,1,97
BRDA:6,2,0,100
BRDA:6,2,1,99
BRDA:6,2,2,98
BRDA:7,3,0,86
BRDA:7,3,1,11
BRDA:15,4,0,4
BRDA:15,4,1,7
BRDA:19,5,0,3
BRDA:19,5,1,277
BRDA:19,6,0,280
BRDA:19,6,1,279
BRDA:19,6,2,278
BRDA:20,7,0,261
BRDA:20,7,1,16
BRDA:30,8,0,4
BRDA:30,8,1,12
BRDA:30,9,0,16
BRDA:30,9,1,10
BRDA:31,10,0,3
BRDA:31,10,1,1
BRDA:37,11,0,6
BRDA:37,11,1,6
BRDA:39,12,0,2
BRDA:39,12,1,4
BRDA:41,13,0,1
BRDA:41,13,1,1
BRDA:47,14,0,1
BRDA:47,14,1,15
BRF:32
BRH:32
end_of_record
TN:
SF:src\utils\orderPdfGenerator.js
FN:15,resolveLogoPath
FN:42,formatCurrency
FN:49,formatDate
FN:54,sanitize
FN:64,formatDateFile
FN:77,py
FN:81,field
FN:95,generateOrderPdf
FN:265,(anonymous_8)
FN:282,(anonymous_9)
FN:307,(anonymous_10)
FNF:11
FNH:11
FNDA:23,resolveLogoPath
FNDA:165,formatCurrency
FNDA:46,formatDate
FNDA:24,sanitize
FNDA:23,formatDateFile
FNDA:1124,py
FNDA:299,field
FNDA:23,generateOrderPdf
FNDA:207,(anonymous_8)
FNDA:24,(anonymous_9)
FNDA:216,(anonymous_10)
DA:1,9
DA:2,9
DA:3,9
DA:9,9
DA:16,23
DA:19,3
DA:20,2
DA:22,2
DA:25,2
DA:26,0
DA:30,2
DA:31,2
DA:32,1
DA:34,1
DA:37,1
DA:43,165
DA:50,46
DA:51,43
DA:55,24
DA:65,23
DA:66,22
DA:67,22
DA:68,22
DA:69,22
DA:70,22
DA:74,9
DA:75,9
DA:78,1124
DA:82,299
DA:87,299
DA:96,23
DA:104,23
DA:108,23
DA:109,23
DA:110,1
DA:113,23
DA:114,23
DA:115,23
DA:116,23
DA:118,23
DA:119,23
DA:120,23
DA:122,23
DA:123,23
DA:128,23
DA:130,23
DA:131,1
DA:133,1
DA:136,0
DA:137,0
DA:138,0
DA:139,0
DA:140,0
DA:141,0
DA:142,0
DA:143,0
DA:145,0
DA:146,0
DA:148,0
DA:152,22
DA:153,22
DA:154,22
DA:155,22
DA:156,22
DA:157,22
DA:158,1
DA:159,1
DA:161,22
DA:162,1
DA:164,22
DA:168,23
DA:174,23
DA:180,23
DA:188,23
DA:193,23
DA:194,23
DA:195,23
DA:197,23
DA:198,23
DA:200,23
DA:201,23
DA:202,23
DA:204,23
DA:205,23
DA:207,23
DA:208,23
DA:210,23
DA:212,23
DA:217,23
DA:218,23
DA:219,21
DA:240,23
DA:252,23
DA:253,23
DA:256,23
DA:264,23
DA:265,23
DA:266,207
DA:270,23
DA:279,23
DA:280,23
DA:282,23
DA:283,24
DA:286,24
DA:290,24
DA:291,24
DA:293,24
DA:305,24
DA:307,24
DA:308,216
DA:314,24
DA:318,23
DA:319,23
DA:327,23
DA:328,23
DA:329,23
DA:330,23
DA:332,23
DA:333,23
DA:338,23
DA:339,23
DA:340,23
DA:345,23
DA:346,23
DA:347,23
DA:348,23
DA:354,23
DA:359,23
DA:362,9
LF:129
LH:117
BRDA:16,0,0,20
BRDA:16,0,1,3
BRDA:16,1,0,23
BRDA:16,1,1,3
BRDA:19,2,0,1
BRDA:19,2,1,2
BRDA:20,3,0,0
BRDA:20,3,1,2
BRDA:25,4,0,0
BRDA:25,4,1,2
BRDA:25,5,0,2
BRDA:25,5,1,0
BRDA:32,6,0,0
BRDA:32,6,1,1
BRDA:43,7,0,165
BRDA:43,7,1,13
BRDA:50,8,0,3
BRDA:50,8,1,43
BRDA:55,9,0,24
BRDA:55,9,1,0
BRDA:65,10,0,1
BRDA:65,10,1,22
BRDA:90,11,0,299
BRDA:90,11,1,32
BRDA:105,12,0,23
BRDA:105,12,1,1
BRDA:109,13,0,1
BRDA:109,13,1,22
BRDA:115,14,0,1
BRDA:115,14,1,22
BRDA:122,15,0,23
BRDA:122,15,1,0
BRDA:123,16,0,23
BRDA:123,16,1,0
BRDA:130,17,0,1
BRDA:130,17,1,22
BRDA:136,18,0,0
BRDA:136,18,1,0
BRDA:138,19,0,0
BRDA:138,19,1,0
BRDA:139,20,0,0
BRDA:139,20,1,0
BRDA:140,21,0,0
BRDA:140,21,1,0
BRDA:141,22,0,0
BRDA:141,22,1,0
BRDA:142,23,0,0
BRDA:142,23,1,0
BRDA:145,24,0,0
BRDA:145,24,1,0
BRDA:145,25,0,0
BRDA:145,25,1,0
BRDA:148,26,0,0
BRDA:148,26,1,0
BRDA:152,27,0,22
BRDA:152,27,1,0
BRDA:154,28,0,17
BRDA:154,28,1,5
BRDA:155,29,0,1
BRDA:155,29,1,21
BRDA:156,30,0,1
BRDA:156,30,1,21
BRDA:157,31,0,1
BRDA:157,31,1,21
BRDA:158,32,0,1
BRDA:158,32,1,0
BRDA:161,33,0,1
BRDA:161,33,1,21
BRDA:161,34,0,22
BRDA:161,34,1,21
BRDA:164,35,0,1
BRDA:164,35,1,21
BRDA:218,36,0,21
BRDA:218,36,1,2
BRDA:283,37,0,24
BRDA:283,37,1,0
BRDA:286,38,0,23
BRDA:286,38,1,1
BRDA:291,39,0,24
BRDA:291,39,1,0
BRDA:294,40,0,24
BRDA:294,40,1,2
BRDA:295,41,0,24
BRDA:295,41,1,2
BRDA:296,42,0,24
BRDA:296,42,1,3
BRDA:296,42,2,0
BRDA:298,43,0,24
BRDA:298,43,1,2
BRDA:298,43,2,0
BRDA:339,44,0,23
BRDA:339,44,1,6
BRDA:357,45,0,23
BRDA:357,45,1,1
BRF:94
BRH:63
end_of_record
TN:
SF:src\utils\priceCalculator.js
FN:1,calculateProductPrice
FNF:1
FNH:1
FNDA:75,calculateProductPrice
DA:2,75
DA:3,75
DA:4,75
DA:6,75
DA:8,75
DA:9,5
DA:11,5
DA:12,1
DA:15,4
DA:16,1
DA:19,4
DA:20,3
DA:21,2
DA:26,1
DA:27,1
DA:31,72
DA:32,7
DA:35,72
DA:36,1
DA:39,72
DA:42,3
DA:43,2
DA:48,1
DA:51,70
DA:52,56
DA:55,70
DA:56,3
DA:59,70
DA:60,3
DA:63,67
DA:65,67
DA:71,11
LF:32
LH:32
BRDA:2,0,0,75
BRDA:2,0,1,0
BRDA:3,1,0,75
BRDA:3,1,1,0
BRDA:4,2,0,75
BRDA:4,2,1,15
BRDA:8,3,0,5
BRDA:8,3,1,70
BRDA:11,4,0,1
BRDA:11,4,1,4
BRDA:15,5,0,1
BRDA:15,5,1,3
BRDA:19,6,0,3
BRDA:19,6,1,1
BRDA:20,7,0,2
BRDA:20,7,1,1
BRDA:20,8,0,3
BRDA:20,8,1,2
BRDA:20,8,2,2
BRDA:20,8,3,2
BRDA:31,9,0,7
BRDA:31,9,1,65
BRDA:32,10,0,7
BRDA:32,10,1,2
BRDA:35,11,0,1
BRDA:35,11,1,71
BRDA:36,12,0,1
BRDA:36,12,1,0
BRDA:39,13,0,3
BRDA:39,13,1,69
BRDA:42,14,0,2
BRDA:42,14,1,1
BRDA:42,15,0,3
BRDA:42,15,1,2
BRDA:51,16,0,56
BRDA:51,16,1,14
BRDA:52,17,0,56
BRDA:52,17,1,0
BRDA:55,18,0,3
BRDA:55,18,1,67
BRDA:56,19,0,3
BRDA:56,19,1,2
BRDA:56,19,2,1
BRDA:56,19,3,0
BRDA:59,20,0,3
BRDA:59,20,1,67
BRDA:59,21,0,70
BRDA:59,21,1,68
BRF:48
BRH:43
end_of_record
TN:
SF:src\utils\quotationPdfGenerator.js
FN:10,resolveLogoPath
FN:28,formatCurrency
FN:35,sanitize
FN:45,formatDateFile
FN:59,formatDateLong
FN:100,generateQuotationPdf
FN:193,(anonymous_6)
FN:210,(anonymous_7)
FN:229,(anonymous_8)
FNF:9
FNH:9
FNDA:33,resolveLogoPath
FNDA:235,formatCurrency
FNDA:33,sanitize
FNDA:33,formatDateFile
FNDA:33,formatDateLong
FNDA:33,generateQuotationPdf
FNDA:231,(anonymous_6)
FNDA:34,(anonymous_7)
FNDA:238,(anonymous_8)
DA:1,10
DA:2,10
DA:3,10
DA:6,10
DA:11,33
DA:12,4
DA:13,3
DA:15,2
DA:16,2
DA:18,2
DA:19,2
DA:20,1
DA:22,1
DA:25,1
DA:29,235
DA:36,33
DA:46,33
DA:47,33
DA:48,33
DA:49,33
DA:50,33
DA:51,33
DA:54,10
DA:60,33
DA:61,33
DA:62,33
DA:63,33
DA:64,33
DA:71,10
DA:72,10
DA:73,10
DA:74,10
DA:78,10
DA:88,10
DA:101,33
DA:108,33
DA:109,33
DA:112,33
DA:113,33
DA:114,33
DA:116,33
DA:117,33
DA:118,33
DA:123,33
DA:124,33
DA:125,33
DA:127,33
DA:129,33
DA:130,1
DA:131,1
DA:133,0
DA:137,32
DA:142,33
DA:143,33
DA:144,33
DA:146,33
DA:154,33
DA:156,33
DA:157,33
DA:163,33
DA:166,33
DA:167,1
DA:172,1
DA:176,33
DA:182,33
DA:186,33
DA:189,33
DA:192,33
DA:193,33
DA:194,231
DA:199,33
DA:202,33
DA:205,33
DA:208,33
DA:210,33
DA:211,34
DA:213,34
DA:216,34
DA:217,34
DA:219,34
DA:229,34
DA:230,238
DA:235,34
DA:238,33
DA:241,33
DA:244,33
DA:248,33
DA:249,33
DA:250,33
DA:252,33
DA:253,33
DA:254,33
DA:258,33
DA:260,33
DA:261,33
DA:265,33
DA:267,33
DA:268,33
DA:269,33
DA:273,33
DA:276,33
DA:278,33
DA:279,32
DA:283,32
DA:284,32
DA:285,1
DA:286,1
DA:289,32
DA:298,33
DA:301,33
DA:304,33
DA:310,33
DA:312,33
DA:314,33
DA:316,33
DA:319,33
DA:322,10
LF:117
LH:116
BRDA:11,0,0,29
BRDA:11,0,1,4
BRDA:11,1,0,33
BRDA:11,1,1,4
BRDA:12,2,0,1
BRDA:12,2,1,3
BRDA:13,3,0,1
BRDA:13,3,1,2
BRDA:16,4,0,0
BRDA:16,4,1,2
BRDA:16,5,0,2
BRDA:16,5,1,0
BRDA:20,6,0,0
BRDA:20,6,1,1
BRDA:29,7,0,235
BRDA:29,7,1,16
BRDA:36,8,0,33
BRDA:36,8,1,0
BRDA:46,9,0,0
BRDA:46,9,1,33
BRDA:60,10,0,31
BRDA:60,10,1,2
BRDA:108,11,0,33
BRDA:108,11,1,0
BRDA:109,12,0,33
BRDA:109,12,1,1
BRDA:112,13,0,33
BRDA:112,13,1,4
BRDA:112,13,2,1
BRDA:113,14,0,33
BRDA:113,14,1,2
BRDA:129,15,0,1
BRDA:129,15,1,32
BRDA:134,16,0,0
BRDA:134,16,1,0
BRDA:138,17,0,32
BRDA:138,17,1,1
BRDA:142,18,0,33
BRDA:142,18,1,2
BRDA:144,19,0,31
BRDA:144,19,1,2
BRDA:156,20,0,33
BRDA:156,20,1,4
BRDA:156,20,2,1
BRDA:166,21,0,1
BRDA:166,21,1,32
BRDA:210,22,0,33
BRDA:210,22,1,0
BRDA:211,23,0,34
BRDA:211,23,1,0
BRDA:213,24,0,33
BRDA:213,24,1,1
BRDA:217,25,0,34
BRDA:217,25,1,0
BRDA:221,26,0,34
BRDA:221,26,1,4
BRDA:221,26,2,1
BRDA:222,27,0,34
BRDA:222,27,1,8
BRDA:222,27,2,0
BRDA:260,28,0,25
BRDA:260,28,1,8
BRDA:278,29,0,32
BRDA:278,29,1,1
BRDA:279,30,0,1
BRDA:279,30,1,31
BRDA:284,31,0,1
BRDA:284,31,1,31
BRDA:317,32,0,33
BRDA:317,32,1,1
BRF:70
BRH:58
end_of_record
