TN:
SF:src\config\db.js
FN:3,connectDB
FNF:1
FNH:0
FNDA:0,connectDB
DA:1,0
DA:4,0
DA:5,0
DA:6,0
DA:8,0
DA:9,0
DA:13,0
LF:7
LH:0
BRF:0
BRH:0
end_of_record
TN:
SF:src\controllers\authController.js
FN:7,registerAdmin
FN:68,login
FNF:2
FNH:2
FNDA:181,registerAdmin
FNDA:240,login
DA:1,11
DA:2,11
DA:3,11
DA:8,181
DA:9,181
DA:11,181
DA:12,1
DA:17,180
DA:19,180
DA:20,4
DA:25,176
DA:27,176
DA:28,3
DA:33,173
DA:35,172
DA:36,2
DA:41,170
DA:43,170
DA:51,170
DA:61,1
DA:62,1
DA:69,240
DA:70,240
DA:72,240
DA:73,3
DA:78,237
DA:81,236
DA:82,2
DA:85,234
DA:86,2
DA:91,232
DA:93,232
DA:94,2
DA:98,230
DA:108,230
DA:120,1
DA:121,1
DA:127,11
LF:38
LH:38
BRDA:11,0,0,1
BRDA:11,0,1,180
BRDA:19,1,0,4
BRDA:19,1,1,176
BRDA:19,2,0,180
BRDA:19,2,1,178
BRDA:27,3,0,3
BRDA:27,3,1,173
BRDA:27,4,0,176
BRDA:27,4,1,175
BRDA:27,4,2,173
BRDA:35,5,0,2
BRDA:35,5,1,170
BRDA:72,6,0,3
BRDA:72,6,1,237
BRDA:72,7,0,240
BRDA:72,7,1,239
BRDA:81,8,0,2
BRDA:81,8,1,234
BRDA:85,9,0,2
BRDA:85,9,1,232
BRDA:93,10,0,2
BRDA:93,10,1,230
BRF:23
BRH:23
end_of_record
TN:
SF:src\controllers\clientController.js
FN:4,createClient
FN:70,getClients
FN:129,getClientById
FN:159,updateClient
FN:234,deleteClient
FN:268,toggleClientActive
FNF:6
FNH:6
FNDA:136,createClient
FNDA:13,getClients
FNDA:8,getClientById
FNDA:10,updateClient
FNDA:7,deleteClient
FNDA:8,toggleClientActive
DA:1,11
DA:2,11
DA:5,136
DA:23,136
DA:25,136
DA:26,2
DA:34,134
DA:38,134
DA:58,133
DA:63,1
DA:64,1
DA:71,13
DA:78,13
DA:80,13
DA:82,13
DA:83,2
DA:86,13
DA:87,1
DA:90,13
DA:91,13
DA:93,13
DA:94,2
DA:96,2
DA:105,13
DA:106,13
DA:107,13
DA:109,13
DA:114,12
DA:122,1
DA:123,1
DA:130,8
DA:131,8
DA:135,8
DA:136,5
DA:138,3
DA:144,7
DA:145,4
DA:150,3
DA:152,1
DA:153,1
DA:160,10
DA:161,10
DA:163,10
DA:165,9
DA:166,2
DA:171,7
DA:175,1
DA:196,6
DA:198,6
DA:199,6
DA:200,6
DA:201,6
DA:202,6
DA:203,6
DA:204,6
DA:205,6
DA:206,6
DA:208,6
DA:209,6
DA:213,6
DA:215,6
DA:217,6
DA:218,6
DA:220,6
DA:222,6
DA:227,1
DA:228,1
DA:235,7
DA:236,7
DA:238,7
DA:240,6
DA:241,1
DA:246,5
DA:250,2
DA:255,3
DA:257,3
DA:261,1
DA:262,1
DA:269,8
DA:270,8
DA:272,8
DA:274,7
DA:275,1
DA:280,6
DA:284,1
DA:289,5
DA:291,5
DA:293,5
DA:300,1
DA:301,1
DA:307,11
LF:91
LH:91
BRDA:25,0,0,2
BRDA:25,0,1,134
BRDA:34,1,0,108
BRDA:34,1,1,26
BRDA:34,2,0,134
BRDA:34,2,1,132
BRDA:45,3,0,2
BRDA:45,3,1,132
BRDA:49,4,0,1
BRDA:49,4,1,133
BRDA:76,5,0,11
BRDA:77,6,0,11
BRDA:82,7,0,2
BRDA:82,7,1,11
BRDA:86,8,0,1
BRDA:86,8,1,12
BRDA:86,9,0,13
BRDA:86,9,1,11
BRDA:90,10,0,1
BRDA:90,10,1,12
BRDA:91,11,0,1
BRDA:91,11,1,12
BRDA:93,12,0,2
BRDA:93,12,1,11
BRDA:135,13,0,5
BRDA:135,13,1,3
BRDA:144,14,0,4
BRDA:144,14,1,3
BRDA:165,15,0,2
BRDA:165,15,1,7
BRDA:171,16,0,1
BRDA:171,16,1,6
BRDA:172,17,0,7
BRDA:172,17,1,2
BRDA:198,18,0,4
BRDA:198,18,1,2
BRDA:199,19,0,0
BRDA:199,19,1,6
BRDA:200,20,0,0
BRDA:200,20,1,6
BRDA:201,21,0,1
BRDA:201,21,1,5
BRDA:202,22,0,0
BRDA:202,22,1,6
BRDA:203,23,0,0
BRDA:203,23,1,6
BRDA:204,24,0,3
BRDA:204,24,1,3
BRDA:204,25,0,2
BRDA:204,25,1,1
BRDA:205,26,0,0
BRDA:205,26,1,6
BRDA:207,27,0,0
BRDA:207,27,1,6
BRDA:208,28,0,1
BRDA:208,28,1,5
BRDA:210,29,0,0
BRDA:210,29,1,6
BRDA:214,30,0,0
BRDA:214,30,1,6
BRDA:216,31,0,0
BRDA:216,31,1,6
BRDA:217,32,0,0
BRDA:217,32,1,6
BRDA:218,33,0,0
BRDA:218,33,1,6
BRDA:240,34,0,1
BRDA:240,34,1,5
BRDA:246,35,0,2
BRDA:246,35,1,3
BRDA:247,36,0,5
BRDA:247,36,1,3
BRDA:274,37,0,1
BRDA:274,37,1,6
BRDA:280,38,0,1
BRDA:280,38,1,5
BRDA:281,39,0,6
BRDA:281,39,1,2
BRDA:294,40,0,2
BRDA:294,40,1,3
BRF:80
BRH:69
end_of_record
TN:
SF:src\controllers\commissionController.js
FN:13,calcCommissions
FN:23,periodFromDate
FN:29,sanitizeForRepresentative
FN:42,getCommissions
FN:108,getCommissionById
FN:140,updateCommission
FN:242,deleteCommission
FN:261,createInstallments
FN:278,(anonymous_8)
FN:324,(anonymous_9)
FN:370,getCommissionsSummary
FN:437,(anonymous_11)
FNF:12
FNH:12
FNDA:24,calcCommissions
FNDA:14,periodFromDate
FNDA:5,sanitizeForRepresentative
FNDA:64,getCommissions
FNDA:10,getCommissionById
FNDA:13,updateCommission
FNDA:5,deleteCommission
FNDA:17,createInstallments
FNDA:25,(anonymous_8)
FNDA:14,(anonymous_9)
FNDA:8,getCommissionsSummary
FNDA:2,(anonymous_11)
DA:1,11
DA:2,11
DA:3,11
DA:5,11
DA:14,24
DA:15,24
DA:18,24
DA:19,24
DA:24,14
DA:25,14
DA:30,5
DA:31,5
DA:32,5
DA:33,5
DA:34,5
DA:35,5
DA:36,5
DA:43,64
DA:53,64
DA:55,64
DA:58,64
DA:59,4
DA:60,60
DA:61,1
DA:64,64
DA:65,64
DA:67,64
DA:68,64
DA:70,64
DA:71,64
DA:72,2
DA:75,64
DA:76,64
DA:77,64
DA:79,64
DA:88,63
DA:92,63
DA:100,1
DA:101,1
DA:109,10
DA:110,10
DA:112,10
DA:113,9
DA:114,3
DA:118,6
DA:122,2
DA:126,4
DA:130,4
DA:132,1
DA:133,1
DA:141,13
DA:142,13
DA:148,13
DA:150,13
DA:151,12
DA:152,2
DA:156,10
DA:160,1
DA:165,9
DA:169,1
DA:175,8
DA:176,2
DA:178,8
DA:179,1
DA:181,8
DA:182,3
DA:184,8
DA:185,2
DA:190,8
DA:194,8
DA:200,6
DA:206,6
DA:207,6
DA:208,6
DA:211,6
DA:212,4
DA:217,4
DA:218,4
DA:219,4
DA:221,2
DA:222,2
DA:223,2
DA:227,8
DA:229,8
DA:234,1
DA:235,1
DA:243,5
DA:244,5
DA:246,5
DA:247,4
DA:248,2
DA:251,2
DA:253,1
DA:254,1
DA:262,17
DA:263,17
DA:268,17
DA:271,17
DA:272,3
DA:277,14
DA:278,25
DA:280,14
DA:281,3
DA:286,11
DA:287,1
DA:292,10
DA:293,0
DA:298,10
DA:299,0
DA:304,10
DA:305,9
DA:306,1
DA:309,8
DA:310,8
DA:311,1
DA:314,7
DA:317,7
DA:318,7
DA:320,7
DA:324,7
DA:325,14
DA:326,14
DA:328,14
DA:330,14
DA:336,14
DA:355,7
DA:357,7
DA:362,1
DA:363,1
DA:371,8
DA:372,8
DA:374,8
DA:377,8
DA:378,2
DA:381,6
DA:382,1
DA:387,8
DA:388,8
DA:390,8
DA:432,8
DA:436,7
DA:437,2
DA:440,7
DA:442,1
DA:443,1
DA:447,11
LF:146
LH:144
BRDA:30,0,0,5
BRDA:30,0,1,0
BRDA:51,1,0,62
BRDA:52,2,0,62
BRDA:58,3,0,4
BRDA:58,3,1,60
BRDA:60,4,0,1
BRDA:60,4,1,59
BRDA:64,5,0,2
BRDA:64,5,1,62
BRDA:65,6,0,2
BRDA:65,6,1,62
BRDA:67,7,0,2
BRDA:67,7,1,62
BRDA:68,8,0,1
BRDA:68,8,1,63
BRDA:70,9,0,2
BRDA:70,9,1,62
BRDA:71,10,0,2
BRDA:71,10,1,62
BRDA:88,11,0,4
BRDA:88,11,1,59
BRDA:113,12,0,3
BRDA:113,12,1,6
BRDA:118,13,0,2
BRDA:118,13,1,4
BRDA:119,14,0,6
BRDA:119,14,1,4
BRDA:126,15,0,2
BRDA:126,15,1,2
BRDA:151,16,0,2
BRDA:151,16,1,10
BRDA:156,17,0,1
BRDA:156,17,1,9
BRDA:157,18,0,10
BRDA:157,18,1,3
BRDA:157,18,2,3
BRDA:165,19,0,1
BRDA:165,19,1,8
BRDA:166,20,0,9
BRDA:166,20,1,2
BRDA:166,20,2,2
BRDA:175,21,0,2
BRDA:175,21,1,6
BRDA:178,22,0,1
BRDA:178,22,1,7
BRDA:181,23,0,3
BRDA:181,23,1,5
BRDA:184,24,0,2
BRDA:184,24,1,6
BRDA:190,25,0,8
BRDA:190,25,1,6
BRDA:190,25,2,5
BRDA:194,26,0,6
BRDA:194,26,1,2
BRDA:211,27,0,4
BRDA:211,27,1,2
BRDA:247,28,0,2
BRDA:247,28,1,2
BRDA:267,29,0,15
BRDA:271,30,0,3
BRDA:271,30,1,14
BRDA:271,31,0,17
BRDA:271,31,1,16
BRDA:278,32,0,25
BRDA:278,32,1,25
BRDA:280,33,0,3
BRDA:280,33,1,11
BRDA:286,34,0,1
BRDA:286,34,1,10
BRDA:286,35,0,11
BRDA:286,35,1,10
BRDA:292,36,0,0
BRDA:292,36,1,10
BRDA:292,37,0,10
BRDA:292,37,1,10
BRDA:298,38,0,0
BRDA:298,38,1,10
BRDA:298,39,0,10
BRDA:298,39,1,10
BRDA:305,40,0,1
BRDA:305,40,1,8
BRDA:310,41,0,1
BRDA:310,41,1,7
BRDA:314,42,0,7
BRDA:314,42,1,2
BRDA:317,43,0,7
BRDA:317,43,1,5
BRDA:377,44,0,2
BRDA:377,44,1,6
BRDA:378,45,0,1
BRDA:378,45,1,1
BRDA:381,46,0,1
BRDA:381,46,1,5
BRDA:382,47,0,1
BRDA:382,47,1,0
BRDA:387,48,0,3
BRDA:387,48,1,5
BRDA:388,49,0,3
BRDA:388,49,1,5
BRDA:436,50,0,2
BRDA:436,50,1,5
BRF:102
BRH:98
end_of_record
TN:
SF:src\controllers\orderController.js
FN:19,calcCommissions
FN:28,periodFromDate
FN:34,getDefaultSellerName
FN:43,createOrder
FN:75,(anonymous_4)
FN:229,markAsSentToSupplier
FN:273,cancelOrder
FN:310,getOrders
FN:397,getOrderById
FN:427,updateOrder
FN:472,(anonymous_10)
FN:571,getDuplicateOrderTemplate
FN:594,(anonymous_12)
FN:608,getOrderPdf
FNF:14
FNH:14
FNDA:67,calcCommissions
FNDA:67,periodFromDate
FNDA:67,getDefaultSellerName
FNDA:79,createOrder
FNDA:73,(anonymous_4)
FNDA:9,markAsSentToSupplier
FNDA:9,cancelOrder
FNDA:17,getOrders
FNDA:7,getOrderById
FNDA:12,updateOrder
FNDA:5,(anonymous_10)
FNDA:5,getDuplicateOrderTemplate
FNDA:3,(anonymous_12)
FNDA:6,getOrderPdf
DA:1,11
DA:2,11
DA:3,11
DA:4,11
DA:5,11
DA:6,11
DA:7,11
DA:8,11
DA:9,11
DA:11,11
DA:20,67
DA:21,67
DA:24,67
DA:25,67
DA:29,67
DA:30,67
DA:35,67
DA:36,67
DA:37,67
DA:39,0
DA:44,79
DA:52,79
DA:54,79
DA:55,2
DA:58,77
DA:59,3
DA:62,74
DA:64,74
DA:65,2
DA:68,72
DA:69,72
DA:71,72
DA:72,72
DA:74,72
DA:76,73
DA:78,73
DA:79,0
DA:82,73
DA:84,73
DA:85,2
DA:88,71
DA:89,70
DA:90,70
DA:91,70
DA:92,1
DA:93,1
DA:96,70
DA:101,70
DA:103,70
DA:126,69
DA:132,69
DA:133,1
DA:138,68
DA:140,68
DA:142,68
DA:143,68
DA:145,68
DA:147,68
DA:185,68
DA:186,68
DA:187,67
DA:188,67
DA:189,67
DA:190,67
DA:196,67
DA:214,1
DA:217,68
DA:222,3
DA:223,3
DA:230,9
DA:231,9
DA:233,9
DA:235,8
DA:236,1
DA:241,7
DA:242,1
DA:247,6
DA:249,6
DA:250,4
DA:251,4
DA:253,2
DA:254,2
DA:257,6
DA:259,6
DA:266,1
DA:267,1
DA:274,9
DA:275,9
DA:277,9
DA:279,8
DA:280,1
DA:285,7
DA:286,2
DA:291,5
DA:292,5
DA:293,5
DA:294,5
DA:296,5
DA:298,5
DA:303,1
DA:304,1
DA:311,17
DA:321,17
DA:323,17
DA:325,17
DA:326,2
DA:329,17
DA:330,1
DA:333,17
DA:334,1
DA:337,17
DA:338,2
DA:341,17
DA:342,1
DA:345,17
DA:346,2
DA:349,17
DA:350,2
DA:352,2
DA:361,2
DA:363,2
DA:364,1
DA:368,17
DA:369,2
DA:372,17
DA:373,17
DA:374,17
DA:376,17
DA:382,16
DA:390,1
DA:391,1
DA:398,7
DA:399,7
DA:401,7
DA:403,6
DA:404,1
DA:409,5
DA:413,2
DA:418,3
DA:420,1
DA:421,1
DA:428,12
DA:429,12
DA:431,12
DA:433,12
DA:435,12
DA:436,1
DA:441,11
DA:445,1
DA:450,10
DA:451,2
DA:456,8
DA:457,2
DA:462,6
DA:463,1
DA:468,5
DA:469,5
DA:471,5
DA:473,5
DA:475,5
DA:476,0
DA:479,5
DA:481,5
DA:482,1
DA:485,4
DA:486,1
DA:491,3
DA:496,3
DA:498,3
DA:521,3
DA:523,3
DA:524,1
DA:529,2
DA:530,2
DA:531,2
DA:533,2
DA:534,2
DA:535,2
DA:536,2
DA:537,2
DA:539,2
DA:542,2
DA:547,2
DA:555,2
DA:557,2
DA:559,2
DA:564,2
DA:565,2
DA:572,5
DA:573,5
DA:575,5
DA:577,4
DA:578,1
DA:583,3
DA:587,1
DA:592,2
DA:594,3
DA:601,1
DA:602,1
DA:609,6
DA:610,6
DA:612,6
DA:613,2
DA:618,4
DA:620,3
DA:621,1
DA:626,2
DA:628,1
DA:629,1
DA:635,11
LF:210
LH:207
BRDA:37,0,0,67
BRDA:37,0,1,67
BRDA:54,1,0,2
BRDA:54,1,1,77
BRDA:58,2,0,3
BRDA:58,2,1,74
BRDA:58,3,0,77
BRDA:58,3,1,76
BRDA:64,4,0,2
BRDA:64,4,1,72
BRDA:78,5,0,0
BRDA:78,5,1,73
BRDA:78,6,0,73
BRDA:78,6,1,73
BRDA:84,7,0,2
BRDA:84,7,1,71
BRDA:88,8,0,70
BRDA:88,8,1,1
BRDA:92,9,0,1
BRDA:92,9,1,0
BRDA:132,10,0,1
BRDA:132,10,1,68
BRDA:142,11,0,68
BRDA:142,11,1,2
BRDA:154,12,0,68
BRDA:154,12,1,67
BRDA:187,13,0,67
BRDA:187,13,1,0
BRDA:188,14,0,67
BRDA:188,14,1,59
BRDA:201,15,0,67
BRDA:201,15,1,64
BRDA:235,16,0,1
BRDA:235,16,1,7
BRDA:241,17,0,1
BRDA:241,17,1,6
BRDA:249,18,0,4
BRDA:249,18,1,2
BRDA:260,19,0,4
BRDA:260,19,1,2
BRDA:279,20,0,1
BRDA:279,20,1,7
BRDA:285,21,0,2
BRDA:285,21,1,5
BRDA:319,22,0,16
BRDA:320,23,0,16
BRDA:325,24,0,2
BRDA:325,24,1,15
BRDA:329,25,0,1
BRDA:329,25,1,16
BRDA:333,26,0,1
BRDA:333,26,1,16
BRDA:337,27,0,2
BRDA:337,27,1,15
BRDA:341,28,0,1
BRDA:341,28,1,16
BRDA:345,29,0,2
BRDA:345,29,1,15
BRDA:349,30,0,2
BRDA:349,30,1,15
BRDA:363,31,0,1
BRDA:363,31,1,1
BRDA:368,32,0,2
BRDA:368,32,1,15
BRDA:403,33,0,1
BRDA:403,33,1,5
BRDA:409,34,0,2
BRDA:409,34,1,3
BRDA:410,35,0,5
BRDA:410,35,1,3
BRDA:435,36,0,1
BRDA:435,36,1,11
BRDA:441,37,0,1
BRDA:441,37,1,10
BRDA:442,38,0,11
BRDA:442,38,1,1
BRDA:450,39,0,2
BRDA:450,39,1,8
BRDA:456,40,0,2
BRDA:456,40,1,6
BRDA:462,41,0,1
BRDA:462,41,1,5
BRDA:462,42,0,6
BRDA:462,42,1,5
BRDA:475,43,0,0
BRDA:475,43,1,5
BRDA:475,44,0,5
BRDA:475,44,1,5
BRDA:481,45,0,1
BRDA:481,45,1,4
BRDA:485,46,0,1
BRDA:485,46,1,3
BRDA:523,47,0,1
BRDA:523,47,1,2
BRDA:529,48,0,2
BRDA:529,48,1,1
BRDA:537,49,0,2
BRDA:537,49,1,0
BRDA:540,50,0,0
BRDA:540,50,1,2
BRDA:543,51,0,0
BRDA:543,51,1,2
BRDA:555,52,0,0
BRDA:555,52,1,2
BRDA:577,53,0,1
BRDA:577,53,1,3
BRDA:583,54,0,1
BRDA:583,54,1,2
BRDA:584,55,0,3
BRDA:584,55,1,1
BRDA:612,56,0,2
BRDA:612,56,1,4
BRDA:620,57,0,1
BRDA:620,57,1,2
BRF:114
BRH:106
end_of_record
TN:
SF:src\controllers\productController.js
FN:6,normalizeMaterialName
FN:12,normalizeSelectedExtras
FN:16,(anonymous_2)
FN:28,(anonymous_3)
FN:37,normalizeMeasurements
FN:70,buildTechnicalData
FN:80,buildCommercialData
FN:105,validateProductRules
FN:184,ensureClientAccess
FN:205,resolvePlasticBagCommercialData
FN:219,(anonymous_10)
FN:240,applyTapeCalculatedFields
FN:254,createProduct
FN:381,getProducts
FN:428,(anonymous_14)
FN:434,(anonymous_15)
FN:452,(anonymous_16)
FN:490,getProductById
FN:522,updateProduct
FN:666,toggleProductActive
FN:700,deleteProduct
FNF:21
FNH:19
FNDA:11,normalizeMaterialName
FNDA:130,normalizeSelectedExtras
FNDA:4,(anonymous_2)
FNDA:4,(anonymous_3)
FNDA:130,normalizeMeasurements
FNDA:130,buildTechnicalData
FNDA:132,buildCommercialData
FNDA:126,validateProductRules
FNDA:153,ensureClientAccess
FNDA:7,resolvePlasticBagCommercialData
FNDA:5,(anonymous_10)
FNDA:134,applyTapeCalculatedFields
FNDA:142,createProduct
FNDA:10,getProducts
FNDA:0,(anonymous_14)
FNDA:0,(anonymous_15)
FNDA:2,(anonymous_16)
FNDA:6,getProductById
FNDA:8,updateProduct
FNDA:7,toggleProductActive
FNDA:5,deleteProduct
DA:1,11
DA:2,11
DA:3,11
DA:4,11
DA:7,11
DA:13,130
DA:15,1
DA:17,4
DA:19,4
DA:29,4
DA:38,130
DA:71,130
DA:81,132
DA:111,126
DA:112,2
DA:114,2
DA:122,1
DA:125,1
DA:129,0
DA:132,1
DA:136,0
DA:140,125
DA:141,5
DA:145,1
DA:148,4
DA:153,1
DA:156,3
DA:161,1
DA:165,122
DA:170,2
DA:173,120
DA:178,1
DA:181,119
DA:185,153
DA:187,152
DA:188,3
DA:191,149
DA:195,3
DA:198,146
DA:199,2
DA:202,144
DA:206,7
DA:208,7
DA:209,1
DA:212,6
DA:213,1
DA:216,5
DA:218,5
DA:219,5
DA:222,5
DA:223,2
DA:226,3
DA:227,1
DA:233,2
DA:241,134
DA:243,5
DA:249,2
DA:255,142
DA:272,142
DA:274,142
DA:275,2
DA:278,140
DA:279,1
DA:282,139
DA:283,1
DA:286,138
DA:287,1
DA:290,137
DA:291,1
DA:294,136
DA:295,1
DA:298,135
DA:299,134
DA:300,4
DA:303,130
DA:304,130
DA:305,130
DA:307,130
DA:313,130
DA:314,9
DA:315,2
DA:320,7
DA:325,7
DA:326,5
DA:329,2
DA:331,2
DA:335,2
DA:339,123
DA:346,123
DA:347,6
DA:350,117
DA:369,117
DA:374,1
DA:375,1
DA:382,10
DA:395,10
DA:397,10
DA:399,10
DA:400,10
DA:402,10
DA:403,10
DA:404,10
DA:405,10
DA:407,10
DA:408,1
DA:411,10
DA:412,1
DA:416,10
DA:417,1
DA:421,10
DA:422,1
DA:424,1
DA:428,1
DA:430,1
DA:434,1
DA:436,1
DA:447,10
DA:448,2
DA:452,2
DA:453,2
DA:455,2
DA:456,2
DA:460,10
DA:461,10
DA:462,10
DA:464,10
DA:475,9
DA:483,1
DA:484,1
DA:491,6
DA:492,6
DA:494,6
DA:498,5
DA:499,2
DA:504,3
DA:508,1
DA:513,2
DA:515,1
DA:516,1
DA:523,8
DA:524,8
DA:526,8
DA:528,7
DA:529,1
DA:534,6
DA:538,6
DA:539,2
DA:558,4
DA:560,4
DA:562,4
DA:564,4
DA:565,4
DA:567,4
DA:569,4
DA:570,4
DA:571,0
DA:575,4
DA:580,4
DA:585,4
DA:589,4
DA:595,4
DA:596,1
DA:597,1
DA:602,0
DA:607,0
DA:608,0
DA:611,0
DA:614,3
DA:621,3
DA:622,1
DA:625,2
DA:626,2
DA:627,2
DA:630,2
DA:632,2
DA:633,2
DA:635,2
DA:636,2
DA:640,2
DA:641,2
DA:642,2
DA:643,2
DA:644,2
DA:645,2
DA:646,2
DA:648,2
DA:650,2
DA:654,2
DA:659,1
DA:660,1
DA:667,7
DA:668,7
DA:670,7
DA:672,6
DA:673,1
DA:678,5
DA:679,5
DA:680,1
DA:683,4
DA:684,4
DA:686,4
DA:693,1
DA:694,1
DA:701,5
DA:702,5
DA:704,5
DA:706,4
DA:707,1
DA:712,3
DA:713,3
DA:714,1
DA:717,2
DA:719,2
DA:723,1
DA:724,1
DA:730,11
LF:216
LH:209
BRDA:7,0,0,11
BRDA:7,0,1,0
BRDA:13,1,0,129
BRDA:13,1,1,1
BRDA:20,2,0,3
BRDA:20,2,1,1
BRDA:23,3,0,4
BRDA:23,3,1,0
BRDA:24,4,0,0
BRDA:24,4,1,4
BRDA:29,5,0,4
BRDA:29,5,1,3
BRDA:29,5,2,2
BRDA:29,5,3,2
BRDA:29,5,4,1
BRDA:37,6,0,0
BRDA:40,7,0,3
BRDA:40,7,1,127
BRDA:44,8,0,3
BRDA:44,8,1,127
BRDA:48,9,0,3
BRDA:48,9,1,127
BRDA:52,10,0,0
BRDA:52,10,1,130
BRDA:56,11,0,0
BRDA:56,11,1,130
BRDA:60,12,0,0
BRDA:60,12,1,130
BRDA:64,13,0,0
BRDA:64,13,1,130
BRDA:70,14,0,0
BRDA:72,15,0,130
BRDA:72,15,1,126
BRDA:74,16,0,4
BRDA:74,16,1,126
BRDA:80,17,0,0
BRDA:83,18,0,115
BRDA:83,18,1,17
BRDA:87,19,0,0
BRDA:87,19,1,132
BRDA:91,20,0,0
BRDA:91,20,1,132
BRDA:95,21,0,2
BRDA:95,21,1,130
BRDA:99,22,0,1
BRDA:99,22,1,131
BRDA:111,23,0,2
BRDA:111,23,1,124
BRDA:112,24,0,2
BRDA:112,24,1,0
BRDA:114,25,0,1
BRDA:114,25,1,1
BRDA:115,26,0,2
BRDA:115,26,1,2
BRDA:115,26,2,1
BRDA:115,26,3,1
BRDA:115,26,4,1
BRDA:115,26,5,1
BRDA:125,27,0,0
BRDA:125,27,1,1
BRDA:126,28,0,1
BRDA:126,28,1,1
BRDA:132,29,0,0
BRDA:132,29,1,1
BRDA:133,30,0,1
BRDA:133,30,1,1
BRDA:140,31,0,5
BRDA:140,31,1,120
BRDA:141,32,0,1
BRDA:141,32,1,4
BRDA:142,33,0,5
BRDA:142,33,1,5
BRDA:148,34,0,1
BRDA:148,34,1,3
BRDA:149,35,0,4
BRDA:149,35,1,3
BRDA:149,35,2,3
BRDA:156,36,0,1
BRDA:156,36,1,2
BRDA:157,37,0,3
BRDA:157,37,1,1
BRDA:157,37,2,1
BRDA:165,38,0,2
BRDA:165,38,1,120
BRDA:166,39,0,122
BRDA:166,39,1,112
BRDA:166,39,2,112
BRDA:173,40,0,1
BRDA:173,40,1,119
BRDA:174,41,0,120
BRDA:174,41,1,1
BRDA:174,41,2,1
BRDA:187,42,0,3
BRDA:187,42,1,149
BRDA:191,43,0,3
BRDA:191,43,1,146
BRDA:192,44,0,149
BRDA:192,44,1,3
BRDA:198,45,0,2
BRDA:198,45,1,144
BRDA:208,46,0,1
BRDA:208,46,1,6
BRDA:212,47,0,1
BRDA:212,47,1,5
BRDA:222,48,0,2
BRDA:222,48,1,3
BRDA:226,49,0,1
BRDA:226,49,1,2
BRDA:226,50,0,3
BRDA:226,50,1,2
BRDA:241,51,0,129
BRDA:241,51,1,5
BRDA:243,52,0,2
BRDA:243,52,1,3
BRDA:244,53,0,5
BRDA:244,53,1,4
BRDA:244,53,2,4
BRDA:244,53,3,2
BRDA:274,54,0,2
BRDA:274,54,1,140
BRDA:278,55,0,1
BRDA:278,55,1,139
BRDA:282,56,0,1
BRDA:282,56,1,138
BRDA:286,57,0,1
BRDA:286,57,1,137
BRDA:290,58,0,1
BRDA:290,58,1,136
BRDA:294,59,0,1
BRDA:294,59,1,135
BRDA:299,60,0,4
BRDA:299,60,1,130
BRDA:303,61,0,130
BRDA:303,61,1,121
BRDA:304,62,0,130
BRDA:304,62,1,8
BRDA:313,63,0,9
BRDA:313,63,1,121
BRDA:314,64,0,2
BRDA:314,64,1,7
BRDA:325,65,0,5
BRDA:325,65,1,2
BRDA:331,66,0,2
BRDA:331,66,1,0
BRDA:332,67,0,2
BRDA:332,67,1,2
BRDA:346,68,0,6
BRDA:346,68,1,117
BRDA:358,69,0,1
BRDA:358,69,1,116
BRDA:393,70,0,8
BRDA:394,71,0,8
BRDA:399,72,0,1
BRDA:399,72,1,9
BRDA:400,73,0,1
BRDA:400,73,1,9
BRDA:402,74,0,1
BRDA:402,74,1,9
BRDA:403,75,0,1
BRDA:403,75,1,9
BRDA:404,76,0,2
BRDA:404,76,1,8
BRDA:405,77,0,1
BRDA:405,77,1,9
BRDA:407,78,0,1
BRDA:407,78,1,9
BRDA:411,79,0,1
BRDA:411,79,1,9
BRDA:416,80,0,1
BRDA:416,80,1,9
BRDA:421,81,0,1
BRDA:421,81,1,9
BRDA:447,82,0,2
BRDA:447,82,1,8
BRDA:455,83,0,2
BRDA:455,83,1,0
BRDA:498,84,0,2
BRDA:498,84,1,3
BRDA:504,85,0,1
BRDA:504,85,1,2
BRDA:505,86,0,3
BRDA:505,86,1,1
BRDA:528,87,0,1
BRDA:528,87,1,6
BRDA:538,88,0,2
BRDA:538,88,1,4
BRDA:560,89,0,0
BRDA:560,89,1,4
BRDA:562,90,0,0
BRDA:562,90,1,4
BRDA:564,91,0,1
BRDA:564,91,1,3
BRDA:565,92,0,1
BRDA:565,92,1,3
BRDA:567,93,0,1
BRDA:567,93,1,3
BRDA:570,94,0,0
BRDA:570,94,1,4
BRDA:575,95,0,0
BRDA:575,95,1,4
BRDA:580,96,0,2
BRDA:580,96,1,2
BRDA:585,97,0,0
BRDA:585,97,1,4
BRDA:595,98,0,1
BRDA:595,98,1,3
BRDA:596,99,0,1
BRDA:596,99,1,0
BRDA:607,100,0,0
BRDA:607,100,1,0
BRDA:621,101,0,1
BRDA:621,101,1,2
BRDA:628,102,0,0
BRDA:628,102,1,2
BRDA:631,103,0,0
BRDA:631,103,1,2
BRDA:632,104,0,2
BRDA:632,104,1,0
BRDA:634,105,0,0
BRDA:634,105,1,2
BRDA:637,106,0,0
BRDA:637,106,1,2
BRDA:637,107,0,2
BRDA:637,107,1,1
BRDA:640,108,0,0
BRDA:640,108,1,2
BRDA:642,109,0,0
BRDA:642,109,1,2
BRDA:643,110,0,1
BRDA:643,110,1,1
BRDA:672,111,0,1
BRDA:672,111,1,5
BRDA:679,112,0,1
BRDA:679,112,1,4
BRDA:687,113,0,2
BRDA:687,113,1,2
BRDA:706,114,0,1
BRDA:706,114,1,3
BRDA:713,115,0,1
BRDA:713,115,1,2
BRF:240
BRH:208
end_of_record
TN:
SF:src\controllers\quotationController.js
FN:11,processItems
FN:108,createQuotation
FN:209,updateQuotation
FN:316,getQuotations
FN:367,getQuotationById
FN:393,getQuotationPdf
FN:419,generateQuotationPdfFromBody
FN:432,getClientProductsForQuotation
FN:461,convertToOrder
FN:494,(anonymous_9)
FNF:10
FNH:10
FNDA:855,processItems
FNDA:860,createQuotation
FNDA:16,updateQuotation
FNDA:113,getQuotations
FNDA:109,getQuotationById
FNDA:7,getQuotationPdf
FNDA:3,generateQuotationPdfFromBody
FNDA:109,getClientProductsForQuotation
FNDA:17,convertToOrder
FNDA:10,(anonymous_9)
DA:1,12
DA:2,12
DA:3,12
DA:4,12
DA:5,12
DA:6,12
DA:7,12
DA:12,855
DA:13,855
DA:14,855
DA:16,855
DA:17,1055
DA:19,1055
DA:21,11
DA:22,1
DA:24,10
DA:25,1
DA:27,9
DA:28,2
DA:31,7
DA:32,7
DA:33,5
DA:34,2
DA:35,1
DA:38,6
DA:39,6
DA:40,6
DA:42,6
DA:58,1044
DA:59,1043
DA:60,1
DA:63,1042
DA:64,844
DA:65,198
DA:66,1
DA:70,1041
DA:71,1041
DA:72,1040
DA:73,1040
DA:75,1
DA:78,1040
DA:80,1040
DA:103,846
DA:109,860
DA:120,860
DA:125,860
DA:126,137
DA:127,137
DA:128,136
DA:135,723
DA:136,720
DA:144,3
DA:148,856
DA:149,3
DA:154,853
DA:155,853
DA:159,9
DA:160,8
DA:162,1
DA:164,844
DA:165,844
DA:167,844
DA:173,844
DA:174,844
DA:175,844
DA:177,844
DA:194,844
DA:195,283
DA:196,283
DA:197,283
DA:200,561
DA:202,1
DA:203,1
DA:210,16
DA:211,16
DA:222,16
DA:225,16
DA:226,15
DA:227,2
DA:231,13
DA:235,2
DA:239,11
DA:240,2
DA:241,2
DA:242,1
DA:243,1
DA:250,9
DA:251,0
DA:252,0
DA:262,10
DA:264,2
DA:265,2
DA:267,0
DA:268,0
DA:270,0
DA:274,2
DA:275,2
DA:277,2
DA:278,2
DA:280,2
DA:281,2
DA:285,2
DA:286,2
DA:287,2
DA:288,2
DA:292,10
DA:293,10
DA:294,10
DA:295,10
DA:296,10
DA:299,10
DA:305,10
DA:307,10
DA:309,1
DA:310,1
DA:317,113
DA:318,113
DA:320,113
DA:323,113
DA:324,102
DA:327,113
DA:328,2
DA:331,113
DA:332,2
DA:334,2
DA:340,113
DA:341,113
DA:342,113
DA:344,113
DA:352,112
DA:360,1
DA:361,1
DA:368,109
DA:369,109
DA:371,109
DA:373,108
DA:374,2
DA:377,106
DA:381,102
DA:384,4
DA:386,1
DA:387,1
DA:394,7
DA:395,7
DA:397,7
DA:399,6
DA:400,1
DA:403,5
DA:407,2
DA:410,3
DA:412,1
DA:413,1
DA:420,3
DA:421,3
DA:423,3
DA:425,1
DA:426,1
DA:433,109
DA:434,109
DA:436,109
DA:438,108
DA:439,2
DA:442,106
DA:444,106
DA:445,86
DA:448,106
DA:452,106
DA:454,1
DA:455,1
DA:462,17
DA:463,17
DA:470,17
DA:473,17
DA:474,16
DA:475,2
DA:479,14
DA:483,2
DA:487,12
DA:488,2
DA:494,10
DA:495,10
DA:496,2
DA:502,8
DA:503,8
DA:504,1
DA:508,7
DA:513,7
DA:514,1
DA:517,6
DA:521,6
DA:522,6
DA:524,6
DA:525,6
DA:526,6
DA:527,1
DA:533,5
DA:534,5
DA:535,4
DA:536,4
DA:538,1
DA:541,4
DA:543,4
DA:565,4
DA:566,4
DA:567,4
DA:570,4
DA:607,4
DA:612,1
DA:613,1
DA:617,12
LF:210
LH:205
BRDA:19,0,0,11
BRDA:19,0,1,1044
BRDA:21,1,0,1
BRDA:21,1,1,10
BRDA:24,2,0,1
BRDA:24,2,1,9
BRDA:27,3,0,2
BRDA:27,3,1,7
BRDA:27,4,0,9
BRDA:27,4,1,7
BRDA:32,5,0,5
BRDA:32,5,1,2
BRDA:34,6,0,1
BRDA:34,6,1,1
BRDA:59,7,0,1
BRDA:59,7,1,1042
BRDA:63,8,0,844
BRDA:63,8,1,198
BRDA:65,9,0,1
BRDA:65,9,1,197
BRDA:114,10,0,17
BRDA:125,11,0,137
BRDA:125,11,1,723
BRDA:127,12,0,1
BRDA:127,12,1,136
BRDA:135,13,0,720
BRDA:135,13,1,3
BRDA:135,14,0,723
BRDA:135,14,1,721
BRDA:148,15,0,3
BRDA:148,15,1,853
BRDA:148,16,0,856
BRDA:148,16,1,855
BRDA:159,17,0,8
BRDA:159,17,1,1
BRDA:165,18,0,0
BRDA:165,18,1,844
BRDA:173,19,0,844
BRDA:173,19,1,613
BRDA:178,20,0,844
BRDA:178,20,1,709
BRDA:188,21,0,844
BRDA:188,21,1,841
BRDA:194,22,0,283
BRDA:194,22,1,561
BRDA:226,23,0,2
BRDA:226,23,1,13
BRDA:231,24,0,2
BRDA:231,24,1,11
BRDA:232,25,0,13
BRDA:232,25,1,7
BRDA:239,26,0,2
BRDA:239,26,1,9
BRDA:241,27,0,1
BRDA:241,27,1,1
BRDA:250,28,0,0
BRDA:250,28,1,9
BRDA:250,29,0,9
BRDA:250,29,1,0
BRDA:262,30,0,2
BRDA:262,30,1,8
BRDA:262,31,0,10
BRDA:262,31,1,2
BRDA:267,32,0,0
BRDA:267,32,1,0
BRDA:275,33,0,0
BRDA:275,33,1,2
BRDA:277,34,0,2
BRDA:277,34,1,0
BRDA:292,35,0,4
BRDA:292,35,1,6
BRDA:293,36,0,4
BRDA:293,36,1,6
BRDA:294,37,0,1
BRDA:294,37,1,9
BRDA:295,38,0,0
BRDA:295,38,1,10
BRDA:296,39,0,2
BRDA:296,39,1,8
BRDA:302,40,0,10
BRDA:302,40,1,5
BRDA:318,41,0,111
BRDA:318,42,0,111
BRDA:323,43,0,102
BRDA:323,43,1,11
BRDA:327,44,0,2
BRDA:327,44,1,111
BRDA:331,45,0,2
BRDA:331,45,1,111
BRDA:373,46,0,2
BRDA:373,46,1,106
BRDA:377,47,0,102
BRDA:377,47,1,4
BRDA:378,48,0,106
BRDA:378,48,1,103
BRDA:399,49,0,1
BRDA:399,49,1,5
BRDA:403,50,0,2
BRDA:403,50,1,3
BRDA:404,51,0,5
BRDA:404,51,1,3
BRDA:438,52,0,2
BRDA:438,52,1,106
BRDA:444,53,0,86
BRDA:444,53,1,20
BRDA:474,54,0,2
BRDA:474,54,1,14
BRDA:479,55,0,2
BRDA:479,55,1,12
BRDA:480,56,0,14
BRDA:480,56,1,9
BRDA:487,57,0,2
BRDA:487,57,1,10
BRDA:495,58,0,2
BRDA:495,58,1,8
BRDA:503,59,0,1
BRDA:503,59,1,7
BRDA:513,60,0,1
BRDA:513,60,1,6
BRDA:526,61,0,1
BRDA:526,61,1,5
BRDA:528,62,0,1
BRDA:528,62,1,0
BRDA:565,63,0,4
BRDA:565,63,1,1
BRDA:575,64,0,4
BRDA:575,64,1,2
BRDA:576,65,0,4
BRDA:576,65,1,2
BRDA:577,66,0,4
BRDA:577,66,1,2
BRDA:578,67,0,4
BRDA:578,67,1,4
BRDA:578,67,2,0
BRDA:579,68,0,4
BRDA:579,68,1,3
BRF:136
BRH:126
end_of_record
TN:
SF:src\controllers\settingsController.js
FN:13,getSettings
FN:38,updateSettings
FNF:2
FNH:2
FNDA:7,getSettings
FNDA:11,updateSettings
DA:1,11
DA:2,11
DA:14,7
DA:15,7
DA:21,6
DA:27,1
DA:28,1
DA:39,11
DA:40,11
DA:42,11
DA:43,2
DA:46,9
DA:47,9
DA:48,9
DA:50,9
DA:56,8
DA:62,1
DA:63,1
DA:67,11
LF:19
LH:19
BRDA:42,0,0,2
BRDA:42,0,1,9
BRDA:42,1,0,11
BRDA:42,1,1,4
BRDA:47,2,0,7
BRDA:47,2,1,2
BRDA:48,3,0,5
BRDA:48,3,1,4
BRF:8
BRH:8
end_of_record
TN:
SF:src\controllers\supplierController.js
FN:9,normalizeMaterialName
FN:15,normalizePriceTable
FN:19,(anonymous_2)
FN:38,(anonymous_3)
FN:49,hasDuplicateMaterials
FN:50,(anonymous_5)
FN:56,createSupplier
FN:118,(anonymous_7)
FN:165,getSuppliers
FN:225,getSupplierById
FN:259,updateSupplier
FN:296,(anonymous_11)
FN:389,toggleSupplierActive
FN:419,deleteSupplier
FNF:14
FNH:13
FNDA:123,normalizeMaterialName
FNDA:124,normalizePriceTable
FNDA:123,(anonymous_2)
FNDA:123,(anonymous_3)
FNDA:120,hasDuplicateMaterials
FNDA:123,(anonymous_5)
FNDA:127,createSupplier
FNDA:2,(anonymous_7)
FNDA:10,getSuppliers
FNDA:10,getSupplierById
FNDA:10,updateSupplier
FNDA:0,(anonymous_11)
FNDA:6,toggleSupplierActive
FNDA:4,deleteSupplier
DA:1,11
DA:2,11
DA:7,11
DA:10,123
DA:16,124
DA:18,120
DA:20,123
DA:21,123
DA:24,123
DA:29,123
DA:32,123
DA:39,123
DA:40,123
DA:42,123
DA:45,123
DA:50,123
DA:51,120
DA:53,120
DA:57,127
DA:74,127
DA:76,127
DA:77,1
DA:82,126
DA:83,1
DA:88,125
DA:90,125
DA:91,2
DA:96,123
DA:98,123
DA:102,2
DA:107,121
DA:109,121
DA:113,2
DA:118,2
DA:121,121
DA:123,121
DA:125,120
DA:126,2
DA:131,118
DA:153,118
DA:158,1
DA:159,1
DA:166,10
DA:173,10
DA:175,10
DA:177,10
DA:178,2
DA:181,10
DA:182,1
DA:185,10
DA:186,10
DA:188,10
DA:189,1
DA:191,1
DA:200,10
DA:201,10
DA:202,10
DA:204,10
DA:210,9
DA:218,1
DA:219,1
DA:226,10
DA:227,10
DA:231,10
DA:232,8
DA:237,2
DA:244,9
DA:245,3
DA:250,6
DA:252,1
DA:253,1
DA:260,10
DA:261,10
DA:278,10
DA:280,10
DA:282,9
DA:283,1
DA:288,8
DA:290,8
DA:291,0
DA:296,0
DA:299,8
DA:301,8
DA:302,3
DA:304,3
DA:305,1
DA:310,2
DA:315,2
DA:316,2
DA:322,5
DA:324,5
DA:325,3
DA:327,3
DA:328,1
DA:334,4
DA:336,4
DA:337,1
DA:339,1
DA:340,1
DA:346,3
DA:347,3
DA:349,3
DA:350,3
DA:354,3
DA:355,3
DA:356,3
DA:357,3
DA:359,3
DA:360,3
DA:361,3
DA:362,3
DA:366,3
DA:367,3
DA:368,3
DA:370,3
DA:372,3
DA:377,3
DA:382,1
DA:383,1
DA:390,6
DA:391,6
DA:393,6
DA:395,5
DA:396,1
DA:401,4
DA:403,4
DA:405,4
DA:412,1
DA:413,1
DA:420,4
DA:421,4
DA:423,4
DA:425,3
DA:426,1
DA:431,2
DA:433,2
DA:437,1
DA:438,1
DA:444,11
LF:139
LH:137
BRDA:10,0,0,123
BRDA:10,0,1,0
BRDA:16,1,0,4
BRDA:16,1,1,120
BRDA:24,2,0,123
BRDA:24,2,1,0
BRDA:25,3,0,123
BRDA:25,3,1,123
BRDA:25,3,2,123
BRDA:40,4,0,123
BRDA:40,4,1,123
BRDA:42,5,0,123
BRDA:42,5,1,123
BRDA:42,5,2,123
BRDA:45,6,0,123
BRDA:45,6,1,123
BRDA:45,6,2,123
BRDA:76,7,0,1
BRDA:76,7,1,126
BRDA:82,8,0,1
BRDA:82,8,1,125
BRDA:90,9,0,2
BRDA:90,9,1,123
BRDA:90,10,0,125
BRDA:90,10,1,123
BRDA:98,11,0,2
BRDA:98,11,1,121
BRDA:99,12,0,123
BRDA:99,12,1,119
BRDA:109,13,0,2
BRDA:109,13,1,119
BRDA:110,14,0,121
BRDA:110,14,1,2
BRDA:125,15,0,2
BRDA:125,15,1,118
BRDA:135,16,0,0
BRDA:135,16,1,118
BRDA:138,17,0,2
BRDA:138,17,1,116
BRDA:144,18,0,0
BRDA:144,18,1,118
BRDA:171,19,0,9
BRDA:172,20,0,9
BRDA:177,21,0,2
BRDA:177,21,1,8
BRDA:181,22,0,1
BRDA:181,22,1,9
BRDA:181,23,0,10
BRDA:181,23,1,8
BRDA:185,24,0,1
BRDA:185,24,1,9
BRDA:186,25,0,1
BRDA:186,25,1,9
BRDA:188,26,0,1
BRDA:188,26,1,9
BRDA:231,27,0,8
BRDA:231,27,1,2
BRDA:244,28,0,3
BRDA:244,28,1,6
BRDA:282,29,0,1
BRDA:282,29,1,8
BRDA:290,30,0,0
BRDA:290,30,1,8
BRDA:301,31,0,3
BRDA:301,31,1,5
BRDA:304,32,0,1
BRDA:304,32,1,2
BRDA:315,33,0,2
BRDA:315,33,1,0
BRDA:324,34,0,3
BRDA:324,34,1,2
BRDA:327,35,0,1
BRDA:327,35,1,2
BRDA:327,36,0,3
BRDA:327,36,1,2
BRDA:336,37,0,1
BRDA:336,37,1,3
BRDA:339,38,0,1
BRDA:339,38,1,0
BRDA:346,39,0,3
BRDA:346,39,1,0
BRDA:348,40,0,0
BRDA:348,40,1,3
BRDA:351,41,0,0
BRDA:351,41,1,3
BRDA:354,42,0,0
BRDA:354,42,1,3
BRDA:355,43,0,0
BRDA:355,43,1,3
BRDA:356,44,0,1
BRDA:356,44,1,2
BRDA:358,45,0,0
BRDA:358,45,1,3
BRDA:359,46,0,0
BRDA:359,46,1,3
BRDA:360,47,0,0
BRDA:360,47,1,3
BRDA:361,48,0,0
BRDA:361,48,1,3
BRDA:363,49,0,0
BRDA:363,49,1,3
BRDA:395,50,0,1
BRDA:395,50,1,4
BRDA:406,51,0,2
BRDA:406,51,1,2
BRDA:425,52,0,1
BRDA:425,52,1,2
BRF:107
BRH:90
end_of_record
TN:
SF:src\controllers\userController.js
FN:5,createRepresentative
FN:52,getRepresentatives
FN:76,getRepresentativeById
FN:100,updateRepresentative
FN:175,deleteRepresentative
FN:214,toggleRepresentativeActive
FNF:6
FNH:6
FNDA:71,createRepresentative
FNDA:6,getRepresentatives
FNDA:3,getRepresentativeById
FNDA:11,updateRepresentative
FNDA:6,deleteRepresentative
FNDA:8,toggleRepresentativeActive
DA:1,11
DA:2,11
DA:3,11
DA:6,71
DA:7,71
DA:9,71
DA:10,1
DA:15,70
DA:17,69
DA:18,3
DA:23,66
DA:25,66
DA:33,66
DA:45,1
DA:46,1
DA:53,6
DA:54,6
DA:56,6
DA:60,6
DA:61,6
DA:63,6
DA:67,5
DA:69,1
DA:70,1
DA:77,3
DA:78,3
DA:80,3
DA:85,2
DA:86,1
DA:91,1
DA:93,1
DA:94,1
DA:101,11
DA:102,11
DA:103,11
DA:105,11
DA:110,10
DA:111,1
DA:116,9
DA:117,3
DA:119,3
DA:124,3
DA:125,2
DA:130,1
DA:133,7
DA:134,2
DA:137,7
DA:138,1
DA:141,7
DA:142,4
DA:147,3
DA:151,1
DA:154,4
DA:156,4
DA:168,1
DA:169,1
DA:176,6
DA:177,6
DA:179,6
DA:184,5
DA:185,2
DA:190,3
DA:194,3
DA:195,1
DA:201,2
DA:203,2
DA:207,1
DA:208,1
DA:215,8
DA:216,8
DA:218,8
DA:223,7
DA:224,1
DA:229,6
DA:231,6
DA:233,6
DA:247,1
DA:248,1
DA:254,11
LF:79
LH:79
BRDA:9,0,0,1
BRDA:9,0,1,70
BRDA:9,1,0,71
BRDA:9,1,1,71
BRDA:9,1,2,70
BRDA:17,2,0,3
BRDA:17,2,1,66
BRDA:60,3,0,2
BRDA:60,3,1,4
BRDA:61,4,0,1
BRDA:61,4,1,5
BRDA:85,5,0,1
BRDA:85,5,1,1
BRDA:110,6,0,1
BRDA:110,6,1,9
BRDA:116,7,0,3
BRDA:116,7,1,6
BRDA:124,8,0,2
BRDA:124,8,1,1
BRDA:133,9,0,2
BRDA:133,9,1,5
BRDA:137,10,0,1
BRDA:137,10,1,6
BRDA:137,11,0,7
BRDA:137,11,1,2
BRDA:141,12,0,4
BRDA:141,12,1,3
BRDA:142,13,0,3
BRDA:142,13,1,1
BRDA:143,14,0,4
BRDA:143,14,1,3
BRDA:143,14,2,2
BRDA:184,15,0,2
BRDA:184,15,1,3
BRDA:194,16,0,1
BRDA:194,16,1,2
BRDA:223,17,0,1
BRDA:223,17,1,6
BRDA:234,18,0,2
BRDA:234,18,1,4
BRF:40
BRH:40
end_of_record
TN:
SF:src\middlewares\authMiddleware.js
FN:4,authMiddleware
FNF:1
FNH:1
FNDA:753,authMiddleware
DA:1,11
DA:2,11
DA:5,753
DA:6,753
DA:8,753
DA:9,19
DA:12,734
DA:14,734
DA:15,1
DA:18,733
DA:20,733
DA:21,1
DA:24,732
DA:26,731
DA:30,731
DA:31,1
DA:36,730
DA:37,1
DA:42,729
DA:50,729
DA:52,1
DA:59,11
LF:22
LH:22
BRDA:8,0,0,19
BRDA:8,0,1,734
BRDA:14,1,0,1
BRDA:14,1,1,733
BRDA:20,2,0,1
BRDA:20,2,1,732
BRDA:30,3,0,1
BRDA:30,3,1,730
BRDA:36,4,0,1
BRDA:36,4,1,729
BRF:10
BRH:10
end_of_record
TN:
SF:src\middlewares\isAdmin.js
FN:1,isAdmin
FNF:1
FNH:1
FNDA:370,isAdmin
DA:2,370
DA:3,1
DA:6,369
DA:7,9
DA:12,360
DA:15,11
LF:6
LH:6
BRDA:2,0,0,1
BRDA:2,0,1,369
BRDA:6,1,0,9
BRDA:6,1,1,360
BRF:4
BRH:4
end_of_record
TN:
SF:src\models\client.js
FNF:0
FNH:0
DA:1,16
DA:3,16
DA:82,16
LF:3
LH:3
BRF:0
BRH:0
end_of_record
TN:
SF:src\models\commission.js
FNF:0
FNH:0
DA:1,12
DA:3,12
DA:146,12
DA:147,12
DA:148,12
DA:149,12
DA:151,12
LF:7
LH:7
BRF:0
BRH:0
end_of_record
TN:
SF:src\models\order.js
FNF:0
FNH:0
DA:1,14
DA:3,14
DA:45,14
DA:175,14
DA:177,14
LF:5
LH:5
BRF:0
BRH:0
end_of_record
TN:
SF:src\models\product.js
FNF:0
FNH:0
DA:1,14
DA:3,14
DA:41,14
DA:167,14
LF:4
LH:4
BRF:0
BRH:0
end_of_record
TN:
SF:src\models\quotation.js
FNF:0
FNH:0
DA:1,12
DA:3,12
DA:48,12
DA:171,12
DA:172,12
DA:174,12
LF:6
LH:6
BRF:0
BRH:0
end_of_record
TN:
SF:src\models\settings.js
FNF:0
FNH:0
DA:1,12
DA:7,12
DA:39,12
LF:3
LH:3
BRF:0
BRH:0
end_of_record
TN:
SF:src\models\supplier.js
FNF:0
FNH:0
DA:1,15
DA:3,15
DA:23,15
DA:101,15
LF:4
LH:4
BRF:0
BRH:0
end_of_record
TN:
SF:src\models\user.js
FNF:0
FNH:0
DA:1,16
DA:3,16
DA:46,16
LF:3
LH:3
BRF:0
BRH:0
end_of_record
TN:
SF:src\routes\authRoutes.js
FNF:0
FNH:0
DA:1,10
DA:2,10
DA:4,10
DA:6,10
DA:7,10
DA:9,10
LF:6
LH:6
BRF:0
BRH:0
end_of_record
TN:
SF:src\routes\clientRoutes.js
FNF:0
FNH:0
DA:1,10
DA:2,10
DA:3,10
DA:11,10
DA:13,10
DA:15,10
DA:17,10
DA:19,10
DA:21,10
DA:23,10
DA:25,10
DA:27,10
LF:12
LH:12
BRF:0
BRH:0
end_of_record
TN:
SF:src\routes\commissionRoutes.js
FNF:0
FNH:0
DA:1,10
DA:2,10
DA:3,10
DA:11,10
DA:13,10
DA:16,10
DA:20,10
DA:23,10
DA:26,10
DA:29,10
DA:32,10
DA:34,10
LF:12
LH:12
BRF:0
BRH:0
end_of_record
TN:
SF:src\routes\orderRoutes.js
FNF:0
FNH:0
DA:1,10
DA:2,10
DA:3,10
DA:13,10
DA:15,10
DA:17,10
DA:19,10
DA:26,10
DA:28,10
DA:30,10
DA:32,10
DA:34,10
DA:40,10
DA:42,10
LF:14
LH:14
BRF:0
BRH:0
end_of_record
TN:
SF:src\routes\productRoutes.js
FNF:0
FNH:0
DA:1,10
DA:2,10
DA:10,10
DA:12,10
DA:14,10
DA:15,10
DA:17,10
DA:18,10
DA:19,10
DA:20,10
DA:22,10
LF:11
LH:11
BRF:0
BRH:0
end_of_record
TN:
SF:src\routes\quotationRoutes.js
FNF:0
FNH:0
DA:1,10
DA:2,10
DA:12,10
DA:14,10
DA:16,10
DA:18,10
DA:20,10
DA:23,10
DA:25,10
DA:27,10
DA:29,10
DA:31,10
DA:33,10
LF:13
LH:13
BRF:0
BRH:0
end_of_record
TN:
SF:src\routes\settingsRoutes.js
FNF:0
FNH:0
DA:1,10
DA:2,10
DA:3,10
DA:4,10
DA:6,10
DA:9,10
DA:12,10
DA:14,10
LF:8
LH:8
BRF:0
BRH:0
end_of_record
TN:
SF:src\routes\supplierRoutes.js
FNF:0
FNH:0
DA:1,10
DA:2,10
DA:3,10
DA:11,10
DA:13,10
DA:15,10
DA:16,10
DA:17,10
DA:18,10
DA:19,10
DA:20,10
DA:27,10
LF:12
LH:12
BRF:0
BRH:0
end_of_record
TN:
SF:src\routes\userRoutes.js
FN:15,(anonymous_0)
FNF:1
FNH:1
FNDA:1,(anonymous_0)
DA:1,10
DA:2,10
DA:3,10
DA:11,10
DA:13,10
DA:15,10
DA:16,1
DA:22,10
DA:24,10
DA:31,10
DA:38,10
DA:45,10
DA:52,10
DA:59,10
LF:14
LH:14
BRF:0
BRH:0
end_of_record
TN:
SF:src\utils\numberParsers.js
FN:1,onlyNumbers
FN:5,parsePercentage
FN:18,parseBrazilianNumber
FNF:3
FNH:3
FNDA:772,onlyNumbers
FNDA:139,parsePercentage
FNDA:399,parseBrazilianNumber
DA:2,772
DA:6,139
DA:7,136
DA:9,11
DA:10,11
DA:11,11
DA:12,11
DA:14,11
DA:15,11
DA:19,399
DA:20,396
DA:22,16
DA:24,16
DA:25,16
DA:27,16
DA:28,16
DA:30,16
DA:31,4
DA:32,3
DA:33,3
DA:35,1
DA:37,12
DA:38,6
DA:39,6
DA:40,2
DA:41,2
DA:42,1
DA:46,16
DA:47,16
DA:50,14
LF:30
LH:30
BRDA:2,0,0,267
BRDA:2,0,1,505
BRDA:6,1,0,3
BRDA:6,1,1,136
BRDA:6,2,0,139
BRDA:6,2,1,138
BRDA:6,2,2,137
BRDA:7,3,0,125
BRDA:7,3,1,11
BRDA:15,4,0,4
BRDA:15,4,1,7
BRDA:19,5,0,3
BRDA:19,5,1,396
BRDA:19,6,0,399
BRDA:19,6,1,398
BRDA:19,6,2,397
BRDA:20,7,0,380
BRDA:20,7,1,16
BRDA:30,8,0,4
BRDA:30,8,1,12
BRDA:30,9,0,16
BRDA:30,9,1,10
BRDA:31,10,0,3
BRDA:31,10,1,1
BRDA:37,11,0,6
BRDA:37,11,1,6
BRDA:39,12,0,2
BRDA:39,12,1,4
BRDA:41,13,0,1
BRDA:41,13,1,1
BRDA:47,14,0,1
BRDA:47,14,1,15
BRF:32
BRH:32
end_of_record
TN:
SF:src\utils\orderPdfGenerator.js
FN:9,resolveLogoPath
FN:29,formatCurrency
FN:33,formatDate
FN:38,formatCnpj
FN:45,formatCpf
FN:52,formatCnpjCpf
FN:60,formatPhone
FN:68,formatZipCode
FN:75,sanitize
FN:85,formatDateFile
FN:122,hline
FN:138,field
FN:156,drawHeader
FN:184,drawSupplierText
FN:224,drawClientData
FN:289,drawTableHeader
FN:294,(anonymous_16)
FN:308,drawTotalsAndSignature
FN:341,generateOrderPdf
FN:409,(anonymous_19)
FNF:20
FNH:20
FNDA:38,resolveLogoPath
FNDA:521,formatCurrency
FNDA:73,formatDate
FNDA:64,formatCnpj
FNDA:1,formatCpf
FNDA:35,formatCnpjCpf
FNDA:37,formatPhone
FNDA:36,formatZipCode
FNDA:36,sanitize
FNDA:35,formatDateFile
FNDA:146,hline
FNDA:455,field
FNDA:38,drawHeader
FNDA:37,drawSupplierText
FNDA:35,drawClientData
FNDA:38,drawTableHeader
FNDA:342,(anonymous_16)
FNDA:35,drawTotalsAndSignature
FNDA:35,generateOrderPdf
FNDA:936,(anonymous_19)
DA:1,12
DA:2,12
DA:3,12
DA:5,12
DA:10,38
DA:11,4
DA:12,3
DA:14,3
DA:15,3
DA:17,3
DA:18,3
DA:19,2
DA:21,1
DA:24,2
DA:30,521
DA:34,73
DA:35,70
DA:39,64
DA:40,64
DA:41,64
DA:42,64
DA:46,1
DA:47,1
DA:48,1
DA:49,1
DA:53,35
DA:54,34
DA:55,34
DA:56,1
DA:57,0
DA:61,37
DA:62,35
DA:63,35
DA:64,2
DA:65,0
DA:69,36
DA:70,34
DA:71,34
DA:72,0
DA:76,36
DA:86,35
DA:87,34
DA:88,34
DA:93,12
DA:94,12
DA:95,12
DA:96,12
DA:99,12
DA:111,12
DA:112,12
DA:113,12
DA:114,12
DA:117,12
DA:123,146
DA:139,455
DA:144,455
DA:157,38
DA:158,38
DA:160,38
DA:161,38
DA:162,38
DA:164,38
DA:165,2
DA:166,2
DA:168,1
DA:171,36
DA:175,38
DA:176,38
DA:178,38
DA:181,38
DA:185,37
DA:186,37
DA:187,37
DA:188,37
DA:193,37
DA:195,37
DA:196,1
DA:197,1
DA:198,1
DA:200,37
DA:204,37
DA:225,35
DA:228,35
DA:229,35
DA:230,35
DA:231,35
DA:232,35
DA:233,35
DA:234,35
DA:235,35
DA:236,35
DA:238,35
DA:240,35
DA:241,35
DA:243,35
DA:244,35
DA:247,35
DA:248,35
DA:249,35
DA:250,35
DA:251,35
DA:254,35
DA:255,35
DA:256,35
DA:257,35
DA:260,35
DA:261,35
DA:262,35
DA:263,35
DA:266,35
DA:267,35
DA:268,35
DA:271,35
DA:272,35
DA:275,35
DA:276,35
DA:277,33
DA:278,33
DA:279,33
DA:280,33
DA:283,35
DA:290,38
DA:291,38
DA:293,38
DA:294,38
DA:295,342
DA:297,38
DA:299,38
DA:300,38
DA:302,38
DA:309,35
DA:311,35
DA:312,35
DA:314,35
DA:315,35
DA:316,35
DA:318,35
DA:319,35
DA:320,35
DA:321,35
DA:323,35
DA:324,35
DA:325,35
DA:327,35
DA:328,35
DA:329,35
DA:330,35
DA:333,35
DA:336,35
DA:342,35
DA:350,35
DA:351,35
DA:352,35
DA:353,35
DA:354,35
DA:355,35
DA:357,35
DA:358,35
DA:359,35
DA:363,35
DA:364,35
DA:365,35
DA:366,35
DA:370,35
DA:372,35
DA:374,35
DA:375,104
DA:376,104
DA:378,104
DA:381,104
DA:382,104
DA:384,104
DA:397,104
DA:398,104
DA:400,104
DA:402,3
DA:403,3
DA:404,3
DA:405,3
DA:406,3
DA:409,104
DA:410,936
DA:413,104
DA:419,35
DA:420,0
DA:421,0
DA:422,0
DA:425,35
DA:427,35
DA:430,12
LF:190
LH:184
BRDA:10,0,0,34
BRDA:10,0,1,4
BRDA:10,1,0,38
BRDA:10,1,1,4
BRDA:11,2,0,1
BRDA:11,2,1,3
BRDA:12,3,0,0
BRDA:12,3,1,3
BRDA:15,4,0,0
BRDA:15,4,1,3
BRDA:15,5,0,3
BRDA:15,5,1,0
BRDA:19,6,0,0
BRDA:19,6,1,2
BRDA:30,7,0,521
BRDA:30,7,1,13
BRDA:34,8,0,3
BRDA:34,8,1,70
BRDA:39,9,0,0
BRDA:39,9,1,64
BRDA:41,10,0,0
BRDA:41,10,1,64
BRDA:46,11,0,0
BRDA:46,11,1,1
BRDA:48,12,0,0
BRDA:48,12,1,1
BRDA:53,13,0,1
BRDA:53,13,1,34
BRDA:55,14,0,33
BRDA:55,14,1,1
BRDA:56,15,0,1
BRDA:56,15,1,0
BRDA:61,16,0,2
BRDA:61,16,1,35
BRDA:63,17,0,33
BRDA:63,17,1,2
BRDA:64,18,0,2
BRDA:64,18,1,0
BRDA:69,19,0,2
BRDA:69,19,1,34
BRDA:71,20,0,34
BRDA:71,20,1,0
BRDA:76,21,0,36
BRDA:76,21,1,0
BRDA:86,22,0,1
BRDA:86,22,1,34
BRDA:122,23,0,0
BRDA:122,24,0,146
BRDA:138,25,0,455
BRDA:147,26,0,455
BRDA:147,26,1,53
BRDA:157,27,0,38
BRDA:157,27,1,0
BRDA:164,28,0,2
BRDA:164,28,1,36
BRDA:185,29,0,37
BRDA:185,29,1,0
BRDA:189,30,0,31
BRDA:189,30,1,6
BRDA:190,31,0,1
BRDA:190,31,1,36
BRDA:191,32,0,2
BRDA:191,32,1,35
BRDA:193,33,0,31
BRDA:193,33,1,6
BRDA:195,34,0,1
BRDA:195,34,1,36
BRDA:196,35,0,1
BRDA:196,35,1,0
BRDA:201,36,0,1
BRDA:201,36,1,36
BRDA:201,37,0,37
BRDA:201,37,1,36
BRDA:202,38,0,1
BRDA:202,38,1,36
BRDA:204,39,0,1
BRDA:204,39,1,36
BRDA:225,40,0,35
BRDA:225,40,1,0
BRDA:276,41,0,33
BRDA:276,41,1,2
BRDA:309,42,0,35
BRDA:309,42,1,0
BRDA:323,43,0,35
BRDA:323,43,1,8
BRDA:334,44,0,35
BRDA:334,44,1,1
BRDA:350,45,0,35
BRDA:350,45,1,2
BRDA:350,45,2,0
BRDA:351,46,0,1
BRDA:351,46,1,34
BRDA:354,47,0,1
BRDA:354,47,1,34
BRDA:370,48,0,35
BRDA:370,48,1,0
BRDA:376,49,0,104
BRDA:376,49,1,0
BRDA:378,50,0,103
BRDA:378,50,1,1
BRDA:382,51,0,104
BRDA:382,51,1,0
BRDA:385,52,0,104
BRDA:385,52,1,2
BRDA:386,53,0,104
BRDA:386,53,1,2
BRDA:387,54,0,104
BRDA:387,54,1,3
BRDA:387,54,2,0
BRDA:389,55,0,104
BRDA:389,55,1,2
BRDA:389,55,2,0
BRDA:398,56,0,35
BRDA:398,56,1,69
BRDA:400,57,0,3
BRDA:400,57,1,101
BRDA:419,58,0,0
BRDA:419,58,1,35
BRF:118
BRH:93
end_of_record
TN:
SF:src\utils\priceCalculator.js
FN:1,calculateProductPrice
FNF:1
FNH:1
FNDA:126,calculateProductPrice
DA:2,126
DA:3,126
DA:4,126
DA:6,126
DA:8,126
DA:9,5
DA:11,5
DA:12,1
DA:15,4
DA:16,1
DA:19,4
DA:20,3
DA:21,2
DA:26,1
DA:27,1
DA:31,123
DA:32,9
DA:35,123
DA:36,1
DA:39,123
DA:42,3
DA:43,2
DA:48,1
DA:51,121
DA:52,105
DA:55,121
DA:56,3
DA:59,121
DA:60,3
DA:63,118
DA:65,118
DA:71,14
LF:32
LH:32
BRDA:2,0,0,126
BRDA:2,0,1,0
BRDA:3,1,0,126
BRDA:3,1,1,0
BRDA:4,2,0,126
BRDA:4,2,1,17
BRDA:8,3,0,5
BRDA:8,3,1,121
BRDA:11,4,0,1
BRDA:11,4,1,4
BRDA:15,5,0,1
BRDA:15,5,1,3
BRDA:19,6,0,3
BRDA:19,6,1,1
BRDA:20,7,0,2
BRDA:20,7,1,1
BRDA:20,8,0,3
BRDA:20,8,1,2
BRDA:20,8,2,2
BRDA:20,8,3,2
BRDA:31,9,0,9
BRDA:31,9,1,114
BRDA:32,10,0,9
BRDA:32,10,1,2
BRDA:35,11,0,1
BRDA:35,11,1,122
BRDA:36,12,0,1
BRDA:36,12,1,0
BRDA:39,13,0,3
BRDA:39,13,1,120
BRDA:42,14,0,2
BRDA:42,14,1,1
BRDA:42,15,0,3
BRDA:42,15,1,2
BRDA:51,16,0,105
BRDA:51,16,1,16
BRDA:52,17,0,105
BRDA:52,17,1,0
BRDA:55,18,0,3
BRDA:55,18,1,118
BRDA:56,19,0,3
BRDA:56,19,1,2
BRDA:56,19,2,1
BRDA:56,19,3,0
BRDA:59,20,0,3
BRDA:59,20,1,118
BRDA:59,21,0,121
BRDA:59,21,1,119
BRF:48
BRH:43
end_of_record
TN:
SF:src\utils\quotationPdfGenerator.js
FN:10,resolveLogoPath
FN:28,formatCurrency
FN:35,sanitize
FN:45,formatDateFile
FN:59,formatDateLong
FN:108,generateQuotationPdf
FN:201,(anonymous_6)
FN:218,(anonymous_7)
FN:238,(anonymous_8)
FNF:9
FNH:9
FNDA:33,resolveLogoPath
FNDA:235,formatCurrency
FNDA:33,sanitize
FNDA:33,formatDateFile
FNDA:33,formatDateLong
FNDA:33,generateQuotationPdf
FNDA:264,(anonymous_6)
FNDA:34,(anonymous_7)
FNDA:272,(anonymous_8)
DA:1,13
DA:2,13
DA:3,13
DA:6,13
DA:11,33
DA:12,4
DA:13,3
DA:15,2
DA:16,2
DA:18,2
DA:19,2
DA:20,1
DA:22,1
DA:25,1
DA:29,235
DA:36,33
DA:46,33
DA:47,33
DA:48,33
DA:49,33
DA:50,33
DA:51,33
DA:54,13
DA:60,33
DA:61,33
DA:62,33
DA:63,33
DA:64,33
DA:71,13
DA:72,13
DA:73,13
DA:74,13
DA:84,13
DA:95,13
DA:109,33
DA:116,33
DA:117,33
DA:120,33
DA:121,33
DA:122,33
DA:124,33
DA:125,33
DA:126,33
DA:131,33
DA:132,33
DA:133,33
DA:135,33
DA:137,33
DA:138,1
DA:139,1
DA:141,0
DA:145,32
DA:150,33
DA:151,33
DA:152,33
DA:154,33
DA:162,33
DA:164,33
DA:165,33
DA:171,33
DA:174,33
DA:175,1
DA:180,1
DA:184,33
DA:190,33
DA:194,33
DA:197,33
DA:200,33
DA:201,33
DA:202,264
DA:207,33
DA:210,33
DA:213,33
DA:216,33
DA:218,33
DA:219,34
DA:221,34
DA:224,34
DA:225,34
DA:227,34
DA:238,34
DA:239,272
DA:244,34
DA:247,33
DA:250,33
DA:253,33
DA:257,33
DA:258,33
DA:259,33
DA:261,33
DA:262,33
DA:263,33
DA:267,33
DA:269,33
DA:270,33
DA:274,33
DA:276,33
DA:277,33
DA:278,33
DA:282,33
DA:285,33
DA:287,33
DA:288,32
DA:292,32
DA:293,32
DA:294,1
DA:295,1
DA:298,32
DA:307,33
DA:310,33
DA:313,33
DA:319,33
DA:321,33
DA:323,33
DA:325,33
DA:328,33
DA:331,13
LF:117
LH:116
BRDA:11,0,0,29
BRDA:11,0,1,4
BRDA:11,1,0,33
BRDA:11,1,1,4
BRDA:12,2,0,1
BRDA:12,2,1,3
BRDA:13,3,0,1
BRDA:13,3,1,2
BRDA:16,4,0,0
BRDA:16,4,1,2
BRDA:16,5,0,2
BRDA:16,5,1,0
BRDA:20,6,0,0
BRDA:20,6,1,1
BRDA:29,7,0,235
BRDA:29,7,1,16
BRDA:36,8,0,33
BRDA:36,8,1,0
BRDA:46,9,0,0
BRDA:46,9,1,33
BRDA:60,10,0,31
BRDA:60,10,1,2
BRDA:116,11,0,33
BRDA:116,11,1,0
BRDA:117,12,0,33
BRDA:117,12,1,1
BRDA:120,13,0,33
BRDA:120,13,1,4
BRDA:120,13,2,1
BRDA:121,14,0,33
BRDA:121,14,1,2
BRDA:137,15,0,1
BRDA:137,15,1,32
BRDA:142,16,0,0
BRDA:142,16,1,0
BRDA:146,17,0,32
BRDA:146,17,1,1
BRDA:150,18,0,33
BRDA:150,18,1,2
BRDA:152,19,0,31
BRDA:152,19,1,2
BRDA:164,20,0,33
BRDA:164,20,1,4
BRDA:164,20,2,1
BRDA:174,21,0,1
BRDA:174,21,1,32
BRDA:218,22,0,33
BRDA:218,22,1,0
BRDA:219,23,0,34
BRDA:219,23,1,0
BRDA:221,24,0,33
BRDA:221,24,1,1
BRDA:225,25,0,34
BRDA:225,25,1,0
BRDA:229,26,0,34
BRDA:229,26,1,4
BRDA:229,26,2,1
BRDA:230,27,0,34
BRDA:230,27,1,34
BRDA:231,28,0,34
BRDA:231,28,1,8
BRDA:231,28,2,0
BRDA:269,29,0,25
BRDA:269,29,1,8
BRDA:287,30,0,32
BRDA:287,30,1,1
BRDA:288,31,0,1
BRDA:288,31,1,31
BRDA:293,32,0,1
BRDA:293,32,1,31
BRDA:326,33,0,33
BRDA:326,33,1,1
BRF:72
BRH:60
end_of_record
